Log file open, 03/29/20 22:03:54
LogWindows: Failed to load 'aqProf.dll' (GetLastError=126)
LogWindows: File 'aqProf.dll' does not exist
LogWindows: Failed to load 'VtuneApi.dll' (GetLastError=126)
LogWindows: File 'VtuneApi.dll' does not exist
LogWindows: Failed to load 'VtuneApi32e.dll' (GetLastError=126)
LogWindows: File 'VtuneApi32e.dll' does not exist
LogConsoleResponse: Display: Failed to find resolution value strings in scalability ini. Falling back to default.
LogInit: Display: Running engine for game: Shenanidogs_ORE
LogPlatformFile: Not using cached read wrapper
LogTaskGraph: Started task graph with 5 named threads and 23 total threads with 3 sets of task threads.
LogStats: Stats thread started at 0.131758
LogD3D11RHI: Loaded GFSDK_Aftermath_Lib.x64.dll
LogICUInternationalization: ICU TimeZone Detection - Raw Offset: +2:00, Platform Override: ''
LogPluginManager: Mounting plugin Paper2D
LogPluginManager: Mounting plugin AISupport
LogPluginManager: Mounting plugin LightPropagationVolume
LogPluginManager: Mounting plugin ActorLayerUtilities
LogPluginManager: Mounting plugin AnimationSharing
LogPluginManager: Mounting plugin CLionSourceCodeAccess
LogPluginManager: Mounting plugin CodeLiteSourceCodeAccess
LogPluginManager: Mounting plugin GitSourceControl
LogPluginManager: Mounting plugin KDevelopSourceCodeAccess
LogPluginManager: Mounting plugin NullSourceCodeAccess
LogPluginManager: Mounting plugin PerforceSourceControl
LogPluginManager: Mounting plugin PlasticSourceControl
LogPluginManager: Mounting plugin SubversionSourceControl
LogPluginManager: Mounting plugin UObjectPlugin
LogPluginManager: Mounting plugin VisualStudioCodeSourceCodeAccess
LogPluginManager: Mounting plugin VisualStudioSourceCodeAccess
LogPluginManager: Mounting plugin XCodeSourceCodeAccess
LogPluginManager: Mounting plugin AssetManagerEditor
LogPluginManager: Mounting plugin CryptoKeys
LogPluginManager: Mounting plugin CurveEditorTools
LogPluginManager: Mounting plugin DataValidation
LogPluginManager: Mounting plugin FacialAnimation
LogPluginManager: Mounting plugin GameplayTagsEditor
LogPluginManager: Mounting plugin MacGraphicsSwitching
LogPluginManager: Mounting plugin MaterialAnalyzer
LogPluginManager: Mounting plugin MobileLauncherProfileWizard
LogPluginManager: Mounting plugin PluginBrowser
LogPluginManager: Mounting plugin SpeedTreeImporter
LogPluginManager: Mounting plugin DatasmithContent
LogPluginManager: Mounting plugin VariantManagerContent
LogPluginManager: Mounting plugin AlembicImporter
LogPluginManager: Mounting plugin AutomationUtils
LogPluginManager: Mounting plugin BackChannel
LogPluginManager: Mounting plugin CharacterAI
LogPluginManager: Mounting plugin GeometryCache
LogPluginManager: Mounting plugin PlatformCrypto
LogPluginManager: Mounting plugin ProxyLODPlugin
LogPluginManager: Mounting plugin SkeletalReduction
LogPluginManager: Mounting plugin MagicLeap
LogPluginManager: Mounting plugin MagicLeapMedia
LogPluginManager: Mounting plugin MLSDK
LogPluginManager: Mounting plugin AndroidMedia
LogPluginManager: Mounting plugin AvfMedia
LogPluginManager: Mounting plugin ImgMedia
LogPluginManager: Mounting plugin MediaCompositing
LogPluginManager: Mounting plugin MediaPlayerEditor
LogPluginManager: Mounting plugin WebMMedia
LogPluginManager: Mounting plugin WmfMedia
LogPluginManager: Mounting plugin TcpMessaging
LogPluginManager: Mounting plugin UdpMessaging
LogPluginManager: Mounting plugin ActorSequence
LogPluginManager: Mounting plugin LevelSequenceEditor
LogPluginManager: Mounting plugin MatineeToLevelSequence
LogPluginManager: Mounting plugin NetcodeUnitTest
LogPluginManager: Mounting plugin NUTUnrealEngine4
LogPluginManager: Mounting plugin OnlineSubsystemGooglePlay
LogPluginManager: Mounting plugin OnlineSubsystemIOS
LogPluginManager: Mounting plugin OnlineSubsystem
LogPluginManager: Mounting plugin OnlineSubsystemNull
LogPluginManager: Mounting plugin OnlineSubsystemUtils
LogPluginManager: Mounting plugin LauncherChunkInstaller
LogPluginManager: Mounting plugin AndroidDeviceProfileSelector
LogPluginManager: Mounting plugin AndroidMoviePlayer
LogPluginManager: Mounting plugin AndroidPermission
LogPluginManager: Mounting plugin AppleImageUtils
LogPluginManager: Mounting plugin AppleMoviePlayer
LogPluginManager: Mounting plugin ArchVisCharacter
LogPluginManager: Mounting plugin AssetTags
LogPluginManager: Mounting plugin AudioCapture
LogPluginManager: Mounting plugin CableComponent
LogPluginManager: Mounting plugin CustomMeshComponent
LogPluginManager: Mounting plugin EditableMesh
LogPluginManager: Mounting plugin ExampleDeviceProfileSelector
LogPluginManager: Mounting plugin GoogleCloudMessaging
LogPluginManager: Mounting plugin IOSDeviceProfileSelector
LogPluginManager: Mounting plugin LinuxDeviceProfileSelector
LogPluginManager: Mounting plugin LocationServicesBPLibrary
LogPluginManager: Mounting plugin MobilePatchingUtils
LogPluginManager: Mounting plugin OculusVR
LogPluginManager: Mounting plugin PhysXVehicles
LogPluginManager: Mounting plugin PostSplashScreen
LogPluginManager: Mounting plugin ProceduralMeshComponent
LogPluginManager: Mounting plugin RuntimePhysXCooking
LogPluginManager: Mounting plugin SignificanceManager
LogPluginManager: Mounting plugin SteamVR
LogPluginManager: Mounting plugin WebMMoviePlayer
LogPluginManager: Mounting plugin WindowsMoviePlayer
LogPluginManager: Mounting plugin ScreenshotTools
LogInit: Using libcurl 7.55.1-DEV
LogInit:  - built for x86_64-pc-win32
LogInit:  - supports SSL with OpenSSL/1.1.1
LogInit:  - supports HTTP deflate (compression) using libz 1.2.8
LogInit:  - other features:
LogInit:      CURL_VERSION_SSL
LogInit:      CURL_VERSION_LIBZ
LogInit:      CURL_VERSION_IPV6
LogInit:      CURL_VERSION_ASYNCHDNS
LogInit:      CURL_VERSION_LARGEFILE
LogInit:      CURL_VERSION_IDN
LogInit:  CurlRequestOptions (configurable via config and command line):
LogInit:  - bVerifyPeer = true  - Libcurl will verify peer certificate
LogInit:  - bUseHttpProxy = false  - Libcurl will NOT use HTTP proxy
LogInit:  - bDontReuseConnections = false  - Libcurl will reuse connections
LogInit:  - MaxHostConnections = 16  - Libcurl will limit the number of connections to a host
LogInit:  - LocalHostAddr = Default
LogInit:  - BufferSize = 65536
LogOnline: OSS: Creating online subsystem instance for: NULL
LogInit: WinSock: version 1.1 (2.2), MaxSocks=32767, MaxUdp=65467
LogOnline: OSS: TryLoadSubsystemAndSetDefault: Loaded subsystem for module [NULL]
LogInit: Build: ++UE4+Release-4.24-CL-11590370
LogInit: Engine Version: 4.24.3-11590370+++UE4+Release-4.24
LogInit: Compatible Engine Version: 4.24.0-10570792+++UE4+Release-4.24
LogInit: Net CL: 10570792
LogInit: OS: Windows 10 (Release 1809) (), CPU: Intel(R) Core(TM) i7-8550U CPU @ 1.80GHz, GPU: Intel(R) UHD Graphics 620
LogInit: Compiled (64-bit): Feb 24 2020 15:39:18
LogInit: Compiled with Visual C++: 19.16.27032.01
LogInit: Build Configuration: Development
LogInit: Branch Name: ++UE4+Release-4.24
LogInit: Command Line: 
LogInit: Base Directory: C:/Program Files/Epic Games/UE_4.24/Engine/Binaries/Win64/
LogInit: Installed Engine Build: 1
LogDevObjectVersion: Number of dev versions registered: 25
LogDevObjectVersion:   Dev-Blueprints (B0D832E4-1F89-4F0D-ACCF-7EB736FD4AA2): 10
LogDevObjectVersion:   Dev-Build (E1C64328-A22C-4D53-A36C-8E866417BD8C): 0
LogDevObjectVersion:   Dev-Core (375EC13C-06E4-48FB-B500-84F0262A717E): 3
LogDevObjectVersion:   Dev-Editor (E4B068ED-F494-42E9-A231-DA0B2E46BB41): 37
LogDevObjectVersion:   Dev-Framework (CFFC743F-43B0-4480-9391-14DF171D2073): 36
LogDevObjectVersion:   Dev-Mobile (B02B49B5-BB20-44E9-A304-32B752E40360): 2
LogDevObjectVersion:   Dev-Networking (A4E4105C-59A1-49B5-A7C5-40C4547EDFEE): 0
LogDevObjectVersion:   Dev-Online (39C831C9-5AE6-47DC-9A44-9C173E1C8E7C): 0
LogDevObjectVersion:   Dev-Physics (78F01B33-EBEA-4F98-B9B4-84EACCB95AA2): 2
LogDevObjectVersion:   Dev-Platform (6631380F-2D4D-43E0-8009-CF276956A95A): 0
LogDevObjectVersion:   Dev-Rendering (12F88B9F-8875-4AFC-A67C-D90C383ABD29): 36
LogDevObjectVersion:   Dev-Sequencer (7B5AE74C-D270-4C10-A958-57980B212A5A): 11
LogDevObjectVersion:   Dev-VR (D7296918-1DD6-4BDD-9DE2-64A83CC13884): 2
LogDevObjectVersion:   Dev-LoadTimes (C2A15278-BFE7-4AFE-6C17-90FF531DF755): 1
LogDevObjectVersion:   Private-Geometry (6EACA3D4-40EC-4CC1-B786-8BED09428FC5): 3
LogDevObjectVersion:   Dev-AnimPhys (29E575DD-E0A3-4627-9D10-D276232CDCEA): 17
LogDevObjectVersion:   Dev-Anim (AF43A65D-7FD3-4947-9873-3E8ED9C1BB05): 2
LogDevObjectVersion:   Dev-ReflectionCapture (6B266CEC-1EC7-4B8F-A30B-E4D90942FC07): 1
LogDevObjectVersion:   Dev-Automation (0DF73D61-A23F-47EA-B727-89E90C41499A): 1
LogDevObjectVersion:   FortniteMain (601D1886-AC64-4F84-AA16-D3DE0DEAC7D6): 31
LogDevObjectVersion:   Dev-Enterprise (9DFFBCD6-494F-0158-E221-12823C92A888): 8
LogDevObjectVersion:   Dev-Niagara (F2AED0AC-9AFE-416F-8664-AA7FFA26D6FC): 1
LogDevObjectVersion:   Dev-Destruction (174F1F0B-B4C6-45A5-B13F-2EE8D0FB917D): 9
LogDevObjectVersion:   Dev-Physics-Ext (35F94A83-E258-406C-A318-09F59610247C): 8
LogDevObjectVersion:   Dev-CineCamera (B2E18506-4273-CFC2-A54E-F4BB758BBA07): 1
LogInit: Presizing for max 25165824 objects, including 0 objects not considered by GC, pre-allocating 0 bytes for permanent pool.
LogInit: Object subsystem initialized
LogConfig: Setting CVar [[con.DebugEarlyDefault:1]]
LogConfig: Setting CVar [[r.setres:1280x720]]
[2020.03.29-19.03.54:726][  0]LogConfig: Setting CVar [[r.VSync:0]]
[2020.03.29-19.03.54:726][  0]LogConfig: Setting CVar [[r.RHICmdBypass:0]]
[2020.03.29-19.03.54:726][  0]LogConfig: Applying CVar settings from Section [/Script/Engine.RendererSettings] File [D:/GoogleDrive/UnrealFinal/Eden_Shenanidog/Saved/Config/Windows/Engine.ini]
[2020.03.29-19.03.54:726][  0]LogConfig: Setting CVar [[r.GPUCrashDebugging:0]]
[2020.03.29-19.03.54:726][  0]LogConfig: Applying CVar settings from Section [/Script/Engine.RendererOverrideSettings] File [D:/GoogleDrive/UnrealFinal/Eden_Shenanidog/Saved/Config/Windows/Engine.ini]
[2020.03.29-19.03.54:726][  0]LogConfig: Applying CVar settings from Section [/Script/Engine.StreamingSettings] File [D:/GoogleDrive/UnrealFinal/Eden_Shenanidog/Saved/Config/Windows/Engine.ini]
[2020.03.29-19.03.54:726][  0]LogConfig: Setting CVar [[s.MinBulkDataSizeForAsyncLoading:131072]]
[2020.03.29-19.03.54:726][  0]LogConfig: Setting CVar [[s.AsyncLoadingThreadEnabled:0]]
[2020.03.29-19.03.54:726][  0]LogConfig: Setting CVar [[s.EventDrivenLoaderEnabled:1]]
[2020.03.29-19.03.54:726][  0]LogConfig: Setting CVar [[s.WarnIfTimeLimitExceeded:0]]
[2020.03.29-19.03.54:726][  0]LogConfig: Setting CVar [[s.TimeLimitExceededMultiplier:1.5]]
[2020.03.29-19.03.54:726][  0]LogConfig: Setting CVar [[s.TimeLimitExceededMinTime:0.005]]
[2020.03.29-19.03.54:726][  0]LogConfig: Setting CVar [[s.UseBackgroundLevelStreaming:1]]
[2020.03.29-19.03.54:726][  0]LogConfig: Setting CVar [[s.PriorityAsyncLoadingExtraTime:15.0]]
[2020.03.29-19.03.54:726][  0]LogConfig: Setting CVar [[s.LevelStreamingActorsUpdateTimeLimit:5.0]]
[2020.03.29-19.03.54:726][  0]LogConfig: Setting CVar [[s.PriorityLevelStreamingActorsUpdateExtraTime:5.0]]
[2020.03.29-19.03.54:726][  0]LogConfig: Setting CVar [[s.LevelStreamingComponentsRegistrationGranularity:10]]
[2020.03.29-19.03.54:726][  0]LogConfig: Setting CVar [[s.UnregisterComponentsTimeLimit:1.0]]
[2020.03.29-19.03.54:726][  0]LogConfig: Setting CVar [[s.LevelStreamingComponentsUnregistrationGranularity:5]]
[2020.03.29-19.03.54:726][  0]LogConfig: Setting CVar [[s.FlushStreamingOnExit:1]]
[2020.03.29-19.03.54:726][  0]LogConfig: Applying CVar settings from Section [/Script/Engine.GarbageCollectionSettings] File [D:/GoogleDrive/UnrealFinal/Eden_Shenanidog/Saved/Config/Windows/Engine.ini]
[2020.03.29-19.03.54:726][  0]LogConfig: Setting CVar [[gc.MaxObjectsNotConsideredByGC:1]]
[2020.03.29-19.03.54:726][  0]LogConfig: Setting CVar [[gc.SizeOfPermanentObjectPool:0]]
[2020.03.29-19.03.54:726][  0]LogConfig: Setting CVar [[gc.FlushStreamingOnGC:0]]
[2020.03.29-19.03.54:726][  0]LogConfig: Setting CVar [[gc.NumRetriesBeforeForcingGC:10]]
[2020.03.29-19.03.54:726][  0]LogConfig: Setting CVar [[gc.AllowParallelGC:1]]
[2020.03.29-19.03.54:726][  0]LogConfig: Setting CVar [[gc.TimeBetweenPurgingPendingKillObjects:61.1]]
[2020.03.29-19.03.54:726][  0]LogConfig: Setting CVar [[gc.MaxObjectsInEditor:25165824]]
[2020.03.29-19.03.54:726][  0]LogConfig: Setting CVar [[gc.IncrementalBeginDestroyEnabled:1]]
[2020.03.29-19.03.54:726][  0]LogConfig: Setting CVar [[gc.CreateGCClusters:1]]
[2020.03.29-19.03.54:726][  0]LogConfig: Setting CVar [[gc.MinGCClusterSize:5]]
[2020.03.29-19.03.54:726][  0]LogConfig: Setting CVar [[gc.ActorClusteringEnabled:0]]
[2020.03.29-19.03.54:726][  0]LogConfig: Setting CVar [[gc.BlueprintClusteringEnabled:0]]
[2020.03.29-19.03.54:726][  0]LogConfig: Setting CVar [[gc.UseDisregardForGCOnDedicatedServers:0]]
[2020.03.29-19.03.54:726][  0]LogConfig: Applying CVar settings from Section [/Script/Engine.NetworkSettings] File [D:/GoogleDrive/UnrealFinal/Eden_Shenanidog/Saved/Config/Windows/Engine.ini]
[2020.03.29-19.03.54:726][  0]LogConfig: Applying CVar settings from Section [/Script/UnrealEd.CookerSettings] File [D:/GoogleDrive/UnrealFinal/Eden_Shenanidog/Saved/Config/Windows/Engine.ini]
[2020.03.29-19.03.54:734][  0]LogConfig: Applying CVar settings from Section [ViewDistanceQuality@3] File [D:/GoogleDrive/UnrealFinal/Eden_Shenanidog/Saved/Config/Windows/Scalability.ini]
[2020.03.29-19.03.54:734][  0]LogConfig: Setting CVar [[r.SkeletalMeshLODBias:0]]
[2020.03.29-19.03.54:734][  0]LogConfig: Setting CVar [[r.ViewDistanceScale:1.0]]
[2020.03.29-19.03.54:735][  0]LogConfig: Applying CVar settings from Section [AntiAliasingQuality@3] File [D:/GoogleDrive/UnrealFinal/Eden_Shenanidog/Saved/Config/Windows/Scalability.ini]
[2020.03.29-19.03.54:735][  0]LogConfig: Setting CVar [[r.PostProcessAAQuality:4]]
[2020.03.29-19.03.54:735][  0]LogConfig: Applying CVar settings from Section [ShadowQuality@3] File [D:/GoogleDrive/UnrealFinal/Eden_Shenanidog/Saved/Config/Windows/Scalability.ini]
[2020.03.29-19.03.54:735][  0]LogConfig: Setting CVar [[r.LightFunctionQuality:1]]
[2020.03.29-19.03.54:735][  0]LogConfig: Setting CVar [[r.ShadowQuality:5]]
[2020.03.29-19.03.54:735][  0]LogConfig: Setting CVar [[r.Shadow.CSM.MaxCascades:10]]
[2020.03.29-19.03.54:735][  0]LogConfig: Setting CVar [[r.Shadow.MaxResolution:2048]]
[2020.03.29-19.03.54:735][  0]LogConfig: Setting CVar [[r.Shadow.MaxCSMResolution:2048]]
[2020.03.29-19.03.54:735][  0]LogConfig: Setting CVar [[r.Shadow.RadiusThreshold:0.01]]
[2020.03.29-19.03.54:735][  0]LogConfig: Setting CVar [[r.Shadow.DistanceScale:1.0]]
[2020.03.29-19.03.54:735][  0]LogConfig: Setting CVar [[r.Shadow.CSM.TransitionScale:1.0]]
[2020.03.29-19.03.54:735][  0]LogConfig: Setting CVar [[r.Shadow.PreShadowResolutionFactor:1.0]]
[2020.03.29-19.03.54:735][  0]LogConfig: Setting CVar [[r.DistanceFieldShadowing:1]]
[2020.03.29-19.03.54:735][  0]LogConfig: Setting CVar [[r.DistanceFieldAO:1]]
[2020.03.29-19.03.54:735][  0]LogConfig: Setting CVar [[r.AOQuality:2]]
[2020.03.29-19.03.54:735][  0]LogConfig: Setting CVar [[r.VolumetricFog:1]]
[2020.03.29-19.03.54:735][  0]LogConfig: Setting CVar [[r.VolumetricFog.GridPixelSize:8]]
[2020.03.29-19.03.54:735][  0]LogConfig: Setting CVar [[r.VolumetricFog.GridSizeZ:128]]
[2020.03.29-19.03.54:735][  0]LogConfig: Setting CVar [[r.VolumetricFog.HistoryMissSupersampleCount:4]]
[2020.03.29-19.03.54:735][  0]LogConfig: Setting CVar [[r.LightMaxDrawDistanceScale:1]]
[2020.03.29-19.03.54:735][  0]LogConfig: Setting CVar [[r.CapsuleShadows:1]]
[2020.03.29-19.03.54:735][  0]LogConfig: Applying CVar settings from Section [PostProcessQuality@3] File [D:/GoogleDrive/UnrealFinal/Eden_Shenanidog/Saved/Config/Windows/Scalability.ini]
[2020.03.29-19.03.54:735][  0]LogConfig: Setting CVar [[r.MotionBlurQuality:4]]
[2020.03.29-19.03.54:735][  0]LogConfig: Setting CVar [[r.AmbientOcclusionMipLevelFactor:0.4]]
[2020.03.29-19.03.54:735][  0]LogConfig: Setting CVar [[r.AmbientOcclusionMaxQuality:100]]
[2020.03.29-19.03.54:735][  0]LogConfig: Setting CVar [[r.AmbientOcclusionLevels:-1]]
[2020.03.29-19.03.54:735][  0]LogConfig: Setting CVar [[r.AmbientOcclusionRadiusScale:1.0]]
[2020.03.29-19.03.54:735][  0]LogConfig: Setting CVar [[r.DepthOfFieldQuality:2]]
[2020.03.29-19.03.54:735][  0]LogConfig: Setting CVar [[r.RenderTargetPoolMin:400]]
[2020.03.29-19.03.54:736][  0]LogConfig: Setting CVar [[r.LensFlareQuality:2]]
[2020.03.29-19.03.54:736][  0]LogConfig: Setting CVar [[r.SceneColorFringeQuality:1]]
[2020.03.29-19.03.54:736][  0]LogConfig: Setting CVar [[r.EyeAdaptationQuality:2]]
[2020.03.29-19.03.54:736][  0]LogConfig: Setting CVar [[r.BloomQuality:5]]
[2020.03.29-19.03.54:736][  0]LogConfig: Setting CVar [[r.FastBlurThreshold:100]]
[2020.03.29-19.03.54:736][  0]LogConfig: Setting CVar [[r.Upscale.Quality:3]]
[2020.03.29-19.03.54:736][  0]LogConfig: Setting CVar [[r.Tonemapper.GrainQuantization:1]]
[2020.03.29-19.03.54:736][  0]LogConfig: Setting CVar [[r.LightShaftQuality:1]]
[2020.03.29-19.03.54:736][  0]LogConfig: Setting CVar [[r.Filter.SizeScale:1]]
[2020.03.29-19.03.54:736][  0]LogConfig: Setting CVar [[r.Tonemapper.Quality:5]]
[2020.03.29-19.03.54:736][  0]LogConfig: Setting CVar [[r.DOF.Gather.AccumulatorQuality:1        ; higher gathering accumulator quality]]
[2020.03.29-19.03.54:736][  0]LogConfig: Setting CVar [[r.DOF.Gather.PostfilterMethod:1          ; Median3x3 postfilering method]]
[2020.03.29-19.03.54:736][  0]LogConfig: Setting CVar [[r.DOF.Gather.EnableBokehSettings:0       ; no bokeh simulation when gathering]]
[2020.03.29-19.03.54:736][  0]LogConfig: Setting CVar [[r.DOF.Gather.RingCount:4                 ; medium number of samples when gathering]]
[2020.03.29-19.03.54:736][  0]LogConfig: Setting CVar [[r.DOF.Scatter.ForegroundCompositing:1    ; additive foreground scattering]]
[2020.03.29-19.03.54:736][  0]LogConfig: Setting CVar [[r.DOF.Scatter.BackgroundCompositing:2    ; additive background scattering]]
[2020.03.29-19.03.54:736][  0]LogConfig: Setting CVar [[r.DOF.Scatter.EnableBokehSettings:1      ; bokeh simulation when scattering]]
[2020.03.29-19.03.54:736][  0]LogConfig: Setting CVar [[r.DOF.Scatter.MaxSpriteRatio:0.1         ; only a maximum of 10% of scattered bokeh]]
[2020.03.29-19.03.54:736][  0]LogConfig: Setting CVar [[r.DOF.Recombine.Quality:1                ; cheap slight out of focus]]
[2020.03.29-19.03.54:736][  0]LogConfig: Setting CVar [[r.DOF.Recombine.EnableBokehSettings:0    ; no bokeh simulation on slight out of focus]]
[2020.03.29-19.03.54:736][  0]LogConfig: Setting CVar [[r.DOF.TemporalAAQuality:1                ; more stable temporal accumulation]]
[2020.03.29-19.03.54:736][  0]LogConfig: Setting CVar [[r.DOF.Kernel.MaxForegroundRadius:0.025]]
[2020.03.29-19.03.54:736][  0]LogConfig: Setting CVar [[r.DOF.Kernel.MaxBackgroundRadius:0.025]]
[2020.03.29-19.03.54:736][  0]LogConfig: Applying CVar settings from Section [TextureQuality@3] File [D:/GoogleDrive/UnrealFinal/Eden_Shenanidog/Saved/Config/Windows/Scalability.ini]
[2020.03.29-19.03.54:736][  0]LogConfig: Setting CVar [[r.Streaming.MipBias:0]]
[2020.03.29-19.03.54:736][  0]LogConfig: Setting CVar [[r.Streaming.AmortizeCPUToGPUCopy:0]]
[2020.03.29-19.03.54:736][  0]LogConfig: Setting CVar [[r.Streaming.MaxNumTexturesToStreamPerFrame:0]]
[2020.03.29-19.03.54:736][  0]LogConfig: Setting CVar [[r.Streaming.Boost:1]]
[2020.03.29-19.03.54:736][  0]LogConfig: Setting CVar [[r.MaxAnisotropy:8]]
[2020.03.29-19.03.54:736][  0]LogConfig: Setting CVar [[r.VT.MaxAnisotropy:8]]
[2020.03.29-19.03.54:736][  0]LogConfig: Setting CVar [[r.Streaming.LimitPoolSizeToVRAM:0]]
[2020.03.29-19.03.54:736][  0]LogConfig: Setting CVar [[r.Streaming.PoolSize:1000]]
[2020.03.29-19.03.54:736][  0]LogConfig: Setting CVar [[r.Streaming.MaxEffectiveScreenSize:0]]
[2020.03.29-19.03.54:736][  0]LogConfig: Applying CVar settings from Section [EffectsQuality@3] File [D:/GoogleDrive/UnrealFinal/Eden_Shenanidog/Saved/Config/Windows/Scalability.ini]
[2020.03.29-19.03.54:736][  0]LogConfig: Setting CVar [[r.TranslucencyLightingVolumeDim:64]]
[2020.03.29-19.03.54:736][  0]LogConfig: Setting CVar [[r.RefractionQuality:2]]
[2020.03.29-19.03.54:736][  0]LogConfig: Setting CVar [[r.SSR.Quality:3]]
[2020.03.29-19.03.54:736][  0]LogConfig: Setting CVar [[r.SSR.HalfResSceneColor:0]]
[2020.03.29-19.03.54:736][  0]LogConfig: Setting CVar [[r.SceneColorFormat:4]]
[2020.03.29-19.03.54:736][  0]LogConfig: Setting CVar [[r.DetailMode:2]]
[2020.03.29-19.03.54:736][  0]LogConfig: Setting CVar [[r.TranslucencyVolumeBlur:1]]
[2020.03.29-19.03.54:737][  0]LogConfig: Setting CVar [[r.MaterialQualityLevel:1 ; High quality]]
[2020.03.29-19.03.54:737][  0]LogConfig: Setting CVar [[r.SSS.Scale:1]]
[2020.03.29-19.03.54:737][  0]LogConfig: Setting CVar [[r.SSS.SampleSet:2]]
[2020.03.29-19.03.54:737][  0]LogConfig: Setting CVar [[r.SSS.Quality:1]]
[2020.03.29-19.03.54:737][  0]LogConfig: Setting CVar [[r.SSS.HalfRes:1]]
[2020.03.29-19.03.54:737][  0]LogConfig: Setting CVar [[r.SSGI.Quality:3]]
[2020.03.29-19.03.54:737][  0]LogConfig: Setting CVar [[r.EmitterSpawnRateScale:1.0]]
[2020.03.29-19.03.54:737][  0]LogConfig: Setting CVar [[r.ParticleLightQuality:2]]
[2020.03.29-19.03.54:737][  0]LogConfig: Setting CVar [[r.SkyAtmosphere.AerialPerspectiveLUT.FastApplyOnOpaque:1 ; Always have FastSkyLUT 1 in this case to avoid wrong sky]]
[2020.03.29-19.03.54:737][  0]LogConfig: Setting CVar [[r.SkyAtmosphere.AerialPerspectiveLUT.SampleCountPerSlice:1]]
[2020.03.29-19.03.54:737][  0]LogConfig: Setting CVar [[r.SkyAtmosphere.AerialPerspectiveLUT.DepthResolution:16.0]]
[2020.03.29-19.03.54:737][  0]LogConfig: Setting CVar [[r.SkyAtmosphere.FastSkyLUT:1]]
[2020.03.29-19.03.54:737][  0]LogConfig: Setting CVar [[r.SkyAtmosphere.FastSkyLUT.SampleCountMin:4.0]]
[2020.03.29-19.03.54:737][  0]LogConfig: Setting CVar [[r.SkyAtmosphere.FastSkyLUT.SampleCountMax:32.0]]
[2020.03.29-19.03.54:737][  0]LogConfig: Setting CVar [[r.SkyAtmosphere.SampleCountMin:4.0]]
[2020.03.29-19.03.54:737][  0]LogConfig: Setting CVar [[r.SkyAtmosphere.SampleCountMax:32.0]]
[2020.03.29-19.03.54:737][  0]LogConfig: Setting CVar [[r.SkyAtmosphere.TransmittanceLUT.UseSmallFormat:0]]
[2020.03.29-19.03.54:737][  0]LogConfig: Setting CVar [[r.SkyAtmosphere.TransmittanceLUT.SampleCount:10.0]]
[2020.03.29-19.03.54:737][  0]LogConfig: Setting CVar [[r.SkyAtmosphere.MultiScatteringLUT.SampleCount:15.0]]
[2020.03.29-19.03.54:737][  0]LogConfig: Applying CVar settings from Section [FoliageQuality@3] File [D:/GoogleDrive/UnrealFinal/Eden_Shenanidog/Saved/Config/Windows/Scalability.ini]
[2020.03.29-19.03.54:737][  0]LogConfig: Setting CVar [[foliage.DensityScale:1.0]]
[2020.03.29-19.03.54:737][  0]LogConfig: Setting CVar [[grass.DensityScale:1.0]]
[2020.03.29-19.03.54:737][  0]LogConfig: Applying CVar settings from Section [ShadingQuality@3] File [D:/GoogleDrive/UnrealFinal/Eden_Shenanidog/Saved/Config/Windows/Scalability.ini]
[2020.03.29-19.03.54:737][  0]LogConfig: Setting CVar [[r.HairStrands.SkyLighting.SampleCount:16]]
[2020.03.29-19.03.54:737][  0]LogConfig: Setting CVar [[r.HairStrands.SkyLighting.JitterIntegration:0]]
[2020.03.29-19.03.54:737][  0]LogConfig: Setting CVar [[r.HairStrands.SkyAO.SampleCount:16]]
[2020.03.29-19.03.54:737][  0]LogInit: Selected Device Profile: [Windows]
[2020.03.29-19.03.54:737][  0]LogInit: Applying CVar settings loaded from the selected device profile: [Windows]
[2020.03.29-19.03.54:740][  0]LogHAL: Display: Platform has ~ 16 GB [17071501312 / 17179869184 / 16], which maps to Larger [LargestMinGB=32, LargerMinGB=12, DefaultMinGB=8, SmallerMinGB=6, SmallestMinGB=0)
[2020.03.29-19.03.54:740][  0]LogInit: Going up to parent DeviceProfile []
[2020.03.29-19.03.54:740][  0]LogConfig: Applying CVar settings from Section [ViewDistanceQuality@3] File [D:/GoogleDrive/UnrealFinal/Eden_Shenanidog/Saved/Config/Windows/Scalability.ini]
[2020.03.29-19.03.54:740][  0]LogConfig: Setting CVar [[r.SkeletalMeshLODBias:0]]
[2020.03.29-19.03.54:740][  0]LogConfig: Setting CVar [[r.ViewDistanceScale:1.0]]
[2020.03.29-19.03.54:740][  0]LogConfig: Applying CVar settings from Section [AntiAliasingQuality@3] File [D:/GoogleDrive/UnrealFinal/Eden_Shenanidog/Saved/Config/Windows/Scalability.ini]
[2020.03.29-19.03.54:740][  0]LogConfig: Setting CVar [[r.PostProcessAAQuality:4]]
[2020.03.29-19.03.54:740][  0]LogConfig: Applying CVar settings from Section [ShadowQuality@3] File [D:/GoogleDrive/UnrealFinal/Eden_Shenanidog/Saved/Config/Windows/Scalability.ini]
[2020.03.29-19.03.54:740][  0]LogConfig: Setting CVar [[r.LightFunctionQuality:1]]
[2020.03.29-19.03.54:740][  0]LogConfig: Setting CVar [[r.ShadowQuality:5]]
[2020.03.29-19.03.54:740][  0]LogConfig: Setting CVar [[r.Shadow.CSM.MaxCascades:10]]
[2020.03.29-19.03.54:741][  0]LogConfig: Setting CVar [[r.Shadow.MaxResolution:2048]]
[2020.03.29-19.03.54:741][  0]LogConfig: Setting CVar [[r.Shadow.MaxCSMResolution:2048]]
[2020.03.29-19.03.54:741][  0]LogConfig: Setting CVar [[r.Shadow.RadiusThreshold:0.01]]
[2020.03.29-19.03.54:741][  0]LogConfig: Setting CVar [[r.Shadow.DistanceScale:1.0]]
[2020.03.29-19.03.54:741][  0]LogConfig: Setting CVar [[r.Shadow.CSM.TransitionScale:1.0]]
[2020.03.29-19.03.54:741][  0]LogConfig: Setting CVar [[r.Shadow.PreShadowResolutionFactor:1.0]]
[2020.03.29-19.03.54:741][  0]LogConfig: Setting CVar [[r.DistanceFieldShadowing:1]]
[2020.03.29-19.03.54:741][  0]LogConfig: Setting CVar [[r.DistanceFieldAO:1]]
[2020.03.29-19.03.54:741][  0]LogConfig: Setting CVar [[r.AOQuality:2]]
[2020.03.29-19.03.54:741][  0]LogConfig: Setting CVar [[r.VolumetricFog:1]]
[2020.03.29-19.03.54:741][  0]LogConfig: Setting CVar [[r.VolumetricFog.GridPixelSize:8]]
[2020.03.29-19.03.54:741][  0]LogConfig: Setting CVar [[r.VolumetricFog.GridSizeZ:128]]
[2020.03.29-19.03.54:741][  0]LogConfig: Setting CVar [[r.VolumetricFog.HistoryMissSupersampleCount:4]]
[2020.03.29-19.03.54:741][  0]LogConfig: Setting CVar [[r.LightMaxDrawDistanceScale:1]]
[2020.03.29-19.03.54:741][  0]LogConfig: Setting CVar [[r.CapsuleShadows:1]]
[2020.03.29-19.03.54:741][  0]LogConfig: Applying CVar settings from Section [PostProcessQuality@3] File [D:/GoogleDrive/UnrealFinal/Eden_Shenanidog/Saved/Config/Windows/Scalability.ini]
[2020.03.29-19.03.54:741][  0]LogConfig: Setting CVar [[r.MotionBlurQuality:4]]
[2020.03.29-19.03.54:741][  0]LogConfig: Setting CVar [[r.AmbientOcclusionMipLevelFactor:0.4]]
[2020.03.29-19.03.54:741][  0]LogConfig: Setting CVar [[r.AmbientOcclusionMaxQuality:100]]
[2020.03.29-19.03.54:741][  0]LogConfig: Setting CVar [[r.AmbientOcclusionLevels:-1]]
[2020.03.29-19.03.54:741][  0]LogConfig: Setting CVar [[r.AmbientOcclusionRadiusScale:1.0]]
[2020.03.29-19.03.54:741][  0]LogConfig: Setting CVar [[r.DepthOfFieldQuality:2]]
[2020.03.29-19.03.54:741][  0]LogConfig: Setting CVar [[r.RenderTargetPoolMin:400]]
[2020.03.29-19.03.54:741][  0]LogConfig: Setting CVar [[r.LensFlareQuality:2]]
[2020.03.29-19.03.54:741][  0]LogConfig: Setting CVar [[r.SceneColorFringeQuality:1]]
[2020.03.29-19.03.54:741][  0]LogConfig: Setting CVar [[r.EyeAdaptationQuality:2]]
[2020.03.29-19.03.54:741][  0]LogConfig: Setting CVar [[r.BloomQuality:5]]
[2020.03.29-19.03.54:741][  0]LogConfig: Setting CVar [[r.FastBlurThreshold:100]]
[2020.03.29-19.03.54:741][  0]LogConfig: Setting CVar [[r.Upscale.Quality:3]]
[2020.03.29-19.03.54:741][  0]LogConfig: Setting CVar [[r.Tonemapper.GrainQuantization:1]]
[2020.03.29-19.03.54:741][  0]LogConfig: Setting CVar [[r.LightShaftQuality:1]]
[2020.03.29-19.03.54:741][  0]LogConfig: Setting CVar [[r.Filter.SizeScale:1]]
[2020.03.29-19.03.54:741][  0]LogConfig: Setting CVar [[r.Tonemapper.Quality:5]]
[2020.03.29-19.03.54:741][  0]LogConfig: Setting CVar [[r.DOF.Gather.AccumulatorQuality:1        ; higher gathering accumulator quality]]
[2020.03.29-19.03.54:741][  0]LogConfig: Setting CVar [[r.DOF.Gather.PostfilterMethod:1          ; Median3x3 postfilering method]]
[2020.03.29-19.03.54:741][  0]LogConfig: Setting CVar [[r.DOF.Gather.EnableBokehSettings:0       ; no bokeh simulation when gathering]]
[2020.03.29-19.03.54:741][  0]LogConfig: Setting CVar [[r.DOF.Gather.RingCount:4                 ; medium number of samples when gathering]]
[2020.03.29-19.03.54:741][  0]LogConfig: Setting CVar [[r.DOF.Scatter.ForegroundCompositing:1    ; additive foreground scattering]]
[2020.03.29-19.03.54:741][  0]LogConfig: Setting CVar [[r.DOF.Scatter.BackgroundCompositing:2    ; additive background scattering]]
[2020.03.29-19.03.54:741][  0]LogConfig: Setting CVar [[r.DOF.Scatter.EnableBokehSettings:1      ; bokeh simulation when scattering]]
[2020.03.29-19.03.54:741][  0]LogConfig: Setting CVar [[r.DOF.Scatter.MaxSpriteRatio:0.1         ; only a maximum of 10% of scattered bokeh]]
[2020.03.29-19.03.54:741][  0]LogConfig: Setting CVar [[r.DOF.Recombine.Quality:1                ; cheap slight out of focus]]
[2020.03.29-19.03.54:741][  0]LogConfig: Setting CVar [[r.DOF.Recombine.EnableBokehSettings:0    ; no bokeh simulation on slight out of focus]]
[2020.03.29-19.03.54:741][  0]LogConfig: Setting CVar [[r.DOF.TemporalAAQuality:1                ; more stable temporal accumulation]]
[2020.03.29-19.03.54:741][  0]LogConfig: Setting CVar [[r.DOF.Kernel.MaxForegroundRadius:0.025]]
[2020.03.29-19.03.54:741][  0]LogConfig: Setting CVar [[r.DOF.Kernel.MaxBackgroundRadius:0.025]]
[2020.03.29-19.03.54:741][  0]LogConfig: Applying CVar settings from Section [TextureQuality@3] File [D:/GoogleDrive/UnrealFinal/Eden_Shenanidog/Saved/Config/Windows/Scalability.ini]
[2020.03.29-19.03.54:741][  0]LogConfig: Setting CVar [[r.Streaming.MipBias:0]]
[2020.03.29-19.03.54:741][  0]LogConfig: Setting CVar [[r.Streaming.AmortizeCPUToGPUCopy:0]]
[2020.03.29-19.03.54:741][  0]LogConfig: Setting CVar [[r.Streaming.MaxNumTexturesToStreamPerFrame:0]]
[2020.03.29-19.03.54:741][  0]LogConfig: Setting CVar [[r.Streaming.Boost:1]]
[2020.03.29-19.03.54:741][  0]LogConfig: Setting CVar [[r.MaxAnisotropy:8]]
[2020.03.29-19.03.54:741][  0]LogConfig: Setting CVar [[r.VT.MaxAnisotropy:8]]
[2020.03.29-19.03.54:741][  0]LogConfig: Setting CVar [[r.Streaming.LimitPoolSizeToVRAM:0]]
[2020.03.29-19.03.54:741][  0]LogConfig: Setting CVar [[r.Streaming.PoolSize:1000]]
[2020.03.29-19.03.54:741][  0]LogConfig: Setting CVar [[r.Streaming.MaxEffectiveScreenSize:0]]
[2020.03.29-19.03.54:741][  0]LogConfig: Applying CVar settings from Section [EffectsQuality@3] File [D:/GoogleDrive/UnrealFinal/Eden_Shenanidog/Saved/Config/Windows/Scalability.ini]
[2020.03.29-19.03.54:741][  0]LogConfig: Setting CVar [[r.TranslucencyLightingVolumeDim:64]]
[2020.03.29-19.03.54:741][  0]LogConfig: Setting CVar [[r.RefractionQuality:2]]
[2020.03.29-19.03.54:742][  0]LogConfig: Setting CVar [[r.SSR.Quality:3]]
[2020.03.29-19.03.54:742][  0]LogConfig: Setting CVar [[r.SSR.HalfResSceneColor:0]]
[2020.03.29-19.03.54:742][  0]LogConfig: Setting CVar [[r.SceneColorFormat:4]]
[2020.03.29-19.03.54:742][  0]LogConfig: Setting CVar [[r.DetailMode:2]]
[2020.03.29-19.03.54:742][  0]LogConfig: Setting CVar [[r.TranslucencyVolumeBlur:1]]
[2020.03.29-19.03.54:742][  0]LogConfig: Setting CVar [[r.MaterialQualityLevel:1 ; High quality]]
[2020.03.29-19.03.54:742][  0]LogConfig: Setting CVar [[r.SSS.Scale:1]]
[2020.03.29-19.03.54:742][  0]LogConfig: Setting CVar [[r.SSS.SampleSet:2]]
[2020.03.29-19.03.54:742][  0]LogConfig: Setting CVar [[r.SSS.Quality:1]]
[2020.03.29-19.03.54:742][  0]LogConfig: Setting CVar [[r.SSS.HalfRes:1]]
[2020.03.29-19.03.54:742][  0]LogConfig: Setting CVar [[r.SSGI.Quality:3]]
[2020.03.29-19.03.54:742][  0]LogConfig: Setting CVar [[r.EmitterSpawnRateScale:1.0]]
[2020.03.29-19.03.54:742][  0]LogConfig: Setting CVar [[r.ParticleLightQuality:2]]
[2020.03.29-19.03.54:742][  0]LogConfig: Setting CVar [[r.SkyAtmosphere.AerialPerspectiveLUT.FastApplyOnOpaque:1 ; Always have FastSkyLUT 1 in this case to avoid wrong sky]]
[2020.03.29-19.03.54:742][  0]LogConfig: Setting CVar [[r.SkyAtmosphere.AerialPerspectiveLUT.SampleCountPerSlice:1]]
[2020.03.29-19.03.54:742][  0]LogConfig: Setting CVar [[r.SkyAtmosphere.AerialPerspectiveLUT.DepthResolution:16.0]]
[2020.03.29-19.03.54:742][  0]LogConfig: Setting CVar [[r.SkyAtmosphere.FastSkyLUT:1]]
[2020.03.29-19.03.54:742][  0]LogConfig: Setting CVar [[r.SkyAtmosphere.FastSkyLUT.SampleCountMin:4.0]]
[2020.03.29-19.03.54:742][  0]LogConfig: Setting CVar [[r.SkyAtmosphere.FastSkyLUT.SampleCountMax:32.0]]
[2020.03.29-19.03.54:742][  0]LogConfig: Setting CVar [[r.SkyAtmosphere.SampleCountMin:4.0]]
[2020.03.29-19.03.54:742][  0]LogConfig: Setting CVar [[r.SkyAtmosphere.SampleCountMax:32.0]]
[2020.03.29-19.03.54:742][  0]LogConfig: Setting CVar [[r.SkyAtmosphere.TransmittanceLUT.UseSmallFormat:0]]
[2020.03.29-19.03.54:742][  0]LogConfig: Setting CVar [[r.SkyAtmosphere.TransmittanceLUT.SampleCount:10.0]]
[2020.03.29-19.03.54:742][  0]LogConfig: Setting CVar [[r.SkyAtmosphere.MultiScatteringLUT.SampleCount:15.0]]
[2020.03.29-19.03.54:742][  0]LogConfig: Applying CVar settings from Section [FoliageQuality@3] File [D:/GoogleDrive/UnrealFinal/Eden_Shenanidog/Saved/Config/Windows/Scalability.ini]
[2020.03.29-19.03.54:742][  0]LogConfig: Setting CVar [[foliage.DensityScale:1.0]]
[2020.03.29-19.03.54:742][  0]LogConfig: Setting CVar [[grass.DensityScale:1.0]]
[2020.03.29-19.03.54:742][  0]LogConfig: Applying CVar settings from Section [ShadingQuality@3] File [D:/GoogleDrive/UnrealFinal/Eden_Shenanidog/Saved/Config/Windows/Scalability.ini]
[2020.03.29-19.03.54:742][  0]LogConfig: Setting CVar [[r.HairStrands.SkyLighting.SampleCount:16]]
[2020.03.29-19.03.54:742][  0]LogConfig: Setting CVar [[r.HairStrands.SkyLighting.JitterIntegration:0]]
[2020.03.29-19.03.54:742][  0]LogConfig: Setting CVar [[r.HairStrands.SkyAO.SampleCount:16]]
[2020.03.29-19.03.54:742][  0]LogConfig: Applying CVar settings from Section [Startup] File [../../../Engine/Config/ConsoleVariables.ini]
[2020.03.29-19.03.54:742][  0]LogConfig: Setting CVar [[net.UseAdaptiveNetUpdateFrequency:0]]
[2020.03.29-19.03.54:742][  0]LogConfig: Setting CVar [[p.chaos.AllowCreatePhysxBodies:1]]
[2020.03.29-19.03.54:742][  0]LogConfig: Applying CVar settings from Section [ConsoleVariables] File [D:/GoogleDrive/UnrealFinal/Eden_Shenanidog/Saved/Config/Windows/Engine.ini]
[2020.03.29-19.03.54:742][  0]LogInit: Computer: DESKTOP-QBS60R9
[2020.03.29-19.03.54:742][  0]LogInit: User: FlakaShalaka
[2020.03.29-19.03.54:742][  0]LogInit: CPU Page size=4096, Cores=4
[2020.03.29-19.03.54:743][  0]LogInit: High frequency timer resolution =10.000000 MHz
[2020.03.29-19.03.54:743][  0]LogMemory: Memory total: Physical=15.9GB (16GB approx)
[2020.03.29-19.03.54:743][  0]LogMemory: Platform Memory Stats for Windows
[2020.03.29-19.03.54:743][  0]LogMemory: Process Physical Memory: 105.03 MB used, 105.04 MB peak
[2020.03.29-19.03.54:743][  0]LogMemory: Process Virtual Memory: 100.43 MB used, 100.43 MB peak
[2020.03.29-19.03.54:743][  0]LogMemory: Physical Memory: 7369.45 MB used,  8911.20 MB free, 16280.65 MB total
[2020.03.29-19.03.54:743][  0]LogMemory: Virtual Memory: 5152.00 MB used,  134212576.00 MB free, 134217728.00 MB total
[2020.03.29-19.03.54:745][  0]LogWindows: WindowsPlatformFeatures enabled
[2020.03.29-19.03.54:764][  0]LogInit: Using OS detected language (en-US).
[2020.03.29-19.03.54:764][  0]LogInit: Using OS detected locale (en-IL).
[2020.03.29-19.03.54:765][  0]LogTextLocalizationManager: No specific localization for 'en-US' exists, so the 'en' localization will be used.
[2020.03.29-19.03.55:000][  0]LogInit: Setting process to per monitor DPI aware
[2020.03.29-19.03.55:057][  0]LogSlate: New Slate User Created.  User Index 0, Is Virtual User: 0
[2020.03.29-19.03.55:057][  0]LogSlate: Slate User Registered.  User Index 0, Is Virtual User: 0
[2020.03.29-19.03.55:269][  0]LogHMD: Failed to initialize OpenVR with code 110
[2020.03.29-19.03.55:269][  0]LogD3D11RHI: D3D11 min allowed feature level: 11_0
[2020.03.29-19.03.55:269][  0]LogD3D11RHI: D3D11 max allowed feature level: 11_0
[2020.03.29-19.03.55:269][  0]LogD3D11RHI: D3D11 adapters:
[2020.03.29-19.03.55:332][  0]LogD3D11RHI:    0. 'Radeon 500 Series' (Feature Level 11_0)
[2020.03.29-19.03.55:332][  0]LogD3D11RHI:       2030/0/8140 MB DedicatedVideo/DedicatedSystem/SharedSystem, Outputs:2, VendorId:0x1002
[2020.03.29-19.03.55:369][  0]LogD3D11RHI:    1. 'Intel(R) UHD Graphics 620' (Feature Level 11_0)
[2020.03.29-19.03.55:369][  0]LogD3D11RHI:       128/0/8140 MB DedicatedVideo/DedicatedSystem/SharedSystem, Outputs:0, VendorId:0x8086
[2020.03.29-19.03.55:372][  0]LogD3D11RHI:    2. 'Microsoft Basic Render Driver' (Feature Level 11_0)
[2020.03.29-19.03.55:372][  0]LogD3D11RHI:       0/0/8140 MB DedicatedVideo/DedicatedSystem/SharedSystem, Outputs:0, VendorId:0x1414
[2020.03.29-19.03.55:375][  0]LogD3D11RHI:    3. 'Microsoft Basic Render Driver' (Feature Level 11_0)
[2020.03.29-19.03.55:375][  0]LogD3D11RHI:       0/0/8140 MB DedicatedVideo/DedicatedSystem/SharedSystem, Outputs:0, VendorId:0x1414
[2020.03.29-19.03.55:375][  0]LogD3D11RHI: Chosen D3D11 Adapter: 0
[2020.03.29-19.03.55:385][  0]LogD3D11RHI: Creating new Direct3DDevice
[2020.03.29-19.03.55:386][  0]LogD3D11RHI:     GPU DeviceId: 0x699f (for the marketing name, search the web for "GPU Device Id")
[2020.03.29-19.03.55:386][  0]LogWindows: EnumDisplayDevices:
[2020.03.29-19.03.55:386][  0]LogWindows:    0. 'Intel(R) UHD Graphics 620' (P:1 D:1)
[2020.03.29-19.03.55:386][  0]LogWindows:    1. 'Intel(R) UHD Graphics 620' (P:0 D:1)
[2020.03.29-19.03.55:387][  0]LogWindows:    2. 'Intel(R) UHD Graphics 620' (P:0 D:0)
[2020.03.29-19.03.55:387][  0]LogWindows:    3. 'Citrix Indirect Display Adapter' (P:0 D:0)
[2020.03.29-19.03.55:388][  0]LogWindows:    4. 'Citrix Indirect Display Adapter' (P:0 D:0)
[2020.03.29-19.03.55:388][  0]LogWindows:    5. 'Citrix Indirect Display Adapter' (P:0 D:0)
[2020.03.29-19.03.55:389][  0]LogWindows:    6. 'Citrix Indirect Display Adapter' (P:0 D:0)
[2020.03.29-19.03.55:389][  0]LogWindows:    7. 'Citrix Indirect Display Adapter' (P:0 D:0)
[2020.03.29-19.03.55:390][  0]LogWindows:    8. 'Citrix Indirect Display Adapter' (P:0 D:0)
[2020.03.29-19.03.55:390][  0]LogWindows:    9. 'Citrix Indirect Display Adapter' (P:0 D:0)
[2020.03.29-19.03.55:391][  0]LogWindows:    10. 'Citrix Indirect Display Adapter' (P:0 D:0)
[2020.03.29-19.03.55:392][  0]LogWindows:    11. 'Radeon 500 Series' (P:0 D:0)
[2020.03.29-19.03.55:393][  0]LogWindows:    12. 'Radeon 500 Series' (P:0 D:0)
[2020.03.29-19.03.55:394][  0]LogWindows:    13. 'Radeon 500 Series' (P:0 D:0)
[2020.03.29-19.03.55:394][  0]LogWindows: DebugString: PrimaryIsNotTheChoosenAdapter PrimaryIsNotTheChoosenAdapter PrimaryIsNotTheChoosenAdapter GetVideoDriverDetailsInvalid PrimaryIsNotTheChoosenAdapter GetVideoDriverDetailsInvalid PrimaryIsNotTheChoosenAdapter GetVideoDriverDetailsInvalid PrimaryIsNotTheChoosenAdapter GetVideoDriverDetailsInvalid PrimaryIsNotTheChoosenAdapter GetVideoDriverDetailsInvalid PrimaryIsNotTheChoosenAdapter GetVideoDriverDetailsInvalid PrimaryIsNotTheChoosenAdapter GetVideoDriverDetailsInvalid PrimaryIsNotTheChoosenAdapter GetVideoDriverDetailsInvalid PrimaryIsNotTheChoosenAdapter FoundDriverCount:3 
[2020.03.29-19.03.55:394][  0]LogD3D11RHI:     Adapter Name: Radeon 500 Series
[2020.03.29-19.03.55:394][  0]LogD3D11RHI:   Driver Version: Adrenalin 2020 20.3.1 (internal:26.20.15029.15007, unified:26.20.15029.15007)
[2020.03.29-19.03.55:394][  0]LogD3D11RHI:      Driver Date: 3-17-2020
[2020.03.29-19.03.55:394][  0]LogRHI: Texture pool is 1421 MB (70% of 2030 MB)
[2020.03.29-19.03.55:475][  0]LogD3D11RHI: RHI does not have support for 64 bit atomics
[2020.03.29-19.03.55:475][  0]LogD3D11RHI: Async texture creation enabled
[2020.03.29-19.03.55:493][  0]LogD3D11RHI: GPU Timing Frequency: 25.000000 (Debug: 2 1)
[2020.03.29-19.03.56:057][  0]LogTargetPlatformManager: Display: Loaded TargetPlatform 'AllDesktop'
[2020.03.29-19.03.56:098][  0]LogTargetPlatformManager: Display: Loaded TargetPlatform 'Android'
[2020.03.29-19.03.56:098][  0]LogTargetPlatformManager: Display: Loaded TargetPlatform 'Android_ASTC'
[2020.03.29-19.03.56:098][  0]LogTargetPlatformManager: Display: Loaded TargetPlatform 'Android_ATC'
[2020.03.29-19.03.56:098][  0]LogTargetPlatformManager: Display: Loaded TargetPlatform 'Android_DXT'
[2020.03.29-19.03.56:098][  0]LogTargetPlatformManager: Display: Loaded TargetPlatform 'Android_ETC1'
[2020.03.29-19.03.56:098][  0]LogTargetPlatformManager: Display: Loaded TargetPlatform 'Android_ETC1a'
[2020.03.29-19.03.56:098][  0]LogTargetPlatformManager: Display: Loaded TargetPlatform 'Android_ETC2'
[2020.03.29-19.03.56:098][  0]LogTargetPlatformManager: Display: Loaded TargetPlatform 'Android_PVRTC'
[2020.03.29-19.03.56:098][  0]LogTargetPlatformManager: Display: Loaded TargetPlatform 'AndroidClient'
[2020.03.29-19.03.56:098][  0]LogTargetPlatformManager: Display: Loaded TargetPlatform 'Android_ASTCClient'
[2020.03.29-19.03.56:098][  0]LogTargetPlatformManager: Display: Loaded TargetPlatform 'Android_ATCClient'
[2020.03.29-19.03.56:098][  0]LogTargetPlatformManager: Display: Loaded TargetPlatform 'Android_DXTClient'
[2020.03.29-19.03.56:098][  0]LogTargetPlatformManager: Display: Loaded TargetPlatform 'Android_ETC1Client'
[2020.03.29-19.03.56:098][  0]LogTargetPlatformManager: Display: Loaded TargetPlatform 'Android_ETC1aClient'
[2020.03.29-19.03.56:098][  0]LogTargetPlatformManager: Display: Loaded TargetPlatform 'Android_ETC2Client'
[2020.03.29-19.03.56:098][  0]LogTargetPlatformManager: Display: Loaded TargetPlatform 'Android_PVRTCClient'
[2020.03.29-19.03.56:098][  0]LogTargetPlatformManager: Display: Loaded TargetPlatform 'Android_Multi'
[2020.03.29-19.03.56:098][  0]LogTargetPlatformManager: Display: Loaded TargetPlatform 'Android_MultiClient'
[2020.03.29-19.03.56:120][  0]LogTargetPlatformManager: Display: Loaded TargetPlatform 'IOSClient'
[2020.03.29-19.03.56:120][  0]LogTargetPlatformManager: Display: Loaded TargetPlatform 'IOS'
[2020.03.29-19.03.56:129][  0]LogTargetPlatformManager: Display: Loaded TargetPlatform 'LinuxNoEditor'
[2020.03.29-19.03.56:137][  0]LogTargetPlatformManager: Display: Loaded TargetPlatform 'LinuxClient'
[2020.03.29-19.03.56:145][  0]LogTargetPlatformManager: Display: Loaded TargetPlatform 'LinuxServer'
[2020.03.29-19.03.56:153][  0]LogTargetPlatformManager: Display: Loaded TargetPlatform 'LinuxAArch64NoEditor'
[2020.03.29-19.03.56:162][  0]LogTargetPlatformManager: Display: Loaded TargetPlatform 'LinuxAArch64Client'
[2020.03.29-19.03.56:170][  0]LogTargetPlatformManager: Display: Loaded TargetPlatform 'LinuxAArch64Server'
[2020.03.29-19.03.56:198][  0]LogTargetPlatformManager: Display: Loaded TargetPlatform 'Lumin'
[2020.03.29-19.03.56:198][  0]LogTargetPlatformManager: Display: Loaded TargetPlatform 'LuminClient'
[2020.03.29-19.03.56:214][  0]LogTargetPlatformManager: Display: Loaded TargetPlatform 'TVOSClient'
[2020.03.29-19.03.56:214][  0]LogTargetPlatformManager: Display: Loaded TargetPlatform 'TVOS'
[2020.03.29-19.03.56:222][  0]LogTargetPlatformManager: Display: Loaded TargetPlatform 'WindowsNoEditor'
[2020.03.29-19.03.56:231][  0]LogTargetPlatformManager: Display: Loaded TargetPlatform 'Windows'
[2020.03.29-19.03.56:239][  0]LogTargetPlatformManager: Display: Loaded TargetPlatform 'WindowsClient'
[2020.03.29-19.03.56:247][  0]LogTargetPlatformManager: Display: Loaded TargetPlatform 'WindowsServer'
[2020.03.29-19.03.56:247][  0]LogTargetPlatformManager: Display: Building Assets For Windows
[2020.03.29-19.03.56:249][  0]LogAudioDebug: Display: Lib vorbis DLL was dynamically loaded.
[2020.03.29-19.03.56:273][  0]LogShaderCompilers: Guid format shader working directory is 11 characters bigger than the processId version (D:/GoogleDrive/UnrealFinal/Eden_Shenanidog/Intermediate/Shaders/WorkingDirectory/1624/).
[2020.03.29-19.03.56:273][  0]LogShaderCompilers: Cleaned the shader compiler working directory 'C:/Users/FlakaShalaka/AppData/Local/Temp/UnrealShaderWorkingDir/B7F302114FC754EE8BF7159CBF51336B/'.
[2020.03.29-19.03.56:273][  0]LogXGEController: Cannot use XGE Controller as Incredibuild is not installed on this machine.
[2020.03.29-19.03.56:274][  0]LogShaderCompilers: Cannot use XGE Shader Compiler as Incredibuild is not installed on this machine.
[2020.03.29-19.03.56:274][  0]LogShaderCompilers: Display: Using Local Shader Compiler.
[2020.03.29-19.03.57:272][  0]LogDerivedDataCache: Display: Max Cache Size: 512 MB
[2020.03.29-19.03.57:360][  0]LogDerivedDataCache: Loaded boot cache 0.09s 78MB C:/Users/FlakaShalaka/AppData/Local/UnrealEngine/4.24/DerivedDataCache/Boot.ddc.
[2020.03.29-19.03.57:360][  0]LogDerivedDataCache: Display: Loaded Boot cache: C:/Users/FlakaShalaka/AppData/Local/UnrealEngine/4.24/DerivedDataCache/Boot.ddc
[2020.03.29-19.03.57:360][  0]LogDerivedDataCache: FDerivedDataBackendGraph:  Pak pak cache file D:/GoogleDrive/UnrealFinal/Eden_Shenanidog/DerivedDataCache/DDC.ddp not found, will not use a pak cache.
[2020.03.29-19.03.57:360][  0]LogDerivedDataCache: Unable to find inner node Pak for hierarchical cache Hierarchy.
[2020.03.29-19.03.57:360][  0]LogDerivedDataCache: FDerivedDataBackendGraph:  CompressedPak pak cache file D:/GoogleDrive/UnrealFinal/Eden_Shenanidog/DerivedDataCache/Compressed.ddp not found, will not use a pak cache.
[2020.03.29-19.03.57:360][  0]LogDerivedDataCache: Unable to find inner node CompressedPak for hierarchical cache Hierarchy.
[2020.03.29-19.03.57:374][  0]LogDerivedDataCache: Display: Pak cache opened for reading ../../../Engine/DerivedDataCache/Compressed.ddp.
[2020.03.29-19.03.57:374][  0]LogDerivedDataCache: FDerivedDataBackendGraph:  EnterprisePak pak cache file ../../../Enterprise/DerivedDataCache/Compressed.ddp not found, will not use a pak cache.
[2020.03.29-19.03.57:374][  0]LogDerivedDataCache: Unable to find inner node EnterprisePak for hierarchical cache Hierarchy.
[2020.03.29-19.03.57:375][  0]LogDerivedDataCache: Using Local data cache path C:/Users/FlakaShalaka/AppData/Local/UnrealEngine/Common/DerivedDataCache: Writable
[2020.03.29-19.03.57:375][  0]LogDerivedDataCache: Shared data cache path not found in *engine.ini, will not use an Shared cache.
[2020.03.29-19.03.57:376][  0]LogDerivedDataCache: Unable to find inner node Shared for hierarchical cache Hierarchy.
[2020.03.29-19.03.57:411][  0]LogMaterial: Verifying Global Shaders for PCD3D_SM5
[2020.03.29-19.03.57:414][  0]LogSlate: Using FreeType 2.10.0
[2020.03.29-19.03.57:415][  0]LogSlate: SlateFontServices - WITH_FREETYPE: 1, WITH_HARFBUZZ: 1
[2020.03.29-19.03.57:526][  0]LogAssetRegistry: FAssetRegistry took 0.0031 seconds to start up
[2020.03.29-19.03.58:202][  0]LogInit: Selected Device Profile: [Windows]
[2020.03.29-19.03.58:567][  0]LogMeshReduction: Using QuadricMeshReduction for automatic static mesh reduction
[2020.03.29-19.03.58:567][  0]LogMeshReduction: Using SimplygonMeshReduction for automatic skeletal mesh reduction
[2020.03.29-19.03.58:567][  0]LogMeshReduction: Using ProxyLODMeshReduction for automatic mesh merging
[2020.03.29-19.03.58:567][  0]LogMeshReduction: No distributed automatic mesh merging module available
[2020.03.29-19.03.58:567][  0]LogMeshMerging: No distributed automatic mesh merging module available
[2020.03.29-19.03.58:600][  0]LogNetVersion: Shenanidogs_ORE 1.0.0, NetCL: 10570792, EngineNetVer: 13, GameNetVer: 0 (Checksum: 547347580)
[2020.03.29-19.04.00:377][  0]LogPackageLocalizationCache: Processed 10 localized package path(s) for 1 prioritized culture(s) in 0.046017 seconds
[2020.03.29-19.04.00:389][  0]LogUObjectArray: 46750 objects as part of root set at end of initial load.
[2020.03.29-19.04.00:389][  0]LogUObjectAllocator: 8137160 out of 0 bytes used by permanent object pool.
[2020.03.29-19.04.00:389][  0]LogUObjectArray: CloseDisregardForGC: 0/0 objects in disregard for GC pool
[2020.03.29-19.04.01:226][  0]LogTcpMessaging: Initializing TcpMessaging bridge
[2020.03.29-19.04.01:231][  0]LogUdpMessaging: Initializing bridge on interface 0.0.0.0:0 to multicast group 230.0.0.1:6666.
[2020.03.29-19.04.01:349][  0]SourceControl: Source control is disabled
[2020.03.29-19.04.02:377][  0]LogAndroidPermission: UAndroidPermissionCallbackProxy::GetInstance
[2020.03.29-19.04.02:397][  0]LogAudioCaptureCore: Display: No Audio Capture implementations found. Audio input will be silent.
[2020.03.29-19.04.02:397][  0]LogAudioCaptureCore: Display: No Audio Capture implementations found. Audio input will be silent.
[2020.03.29-19.04.02:610][  0]LogOcInput: OculusInput pre-init called
[2020.03.29-19.04.02:625][  0]LogWindows: Failed to load 'OVRPlugin.dll' (GetLastError=126)
[2020.03.29-19.04.02:625][  0]LogWindows: File 'OVRPlugin.dll' does not exist
[2020.03.29-19.04.02:792][  0]LogEngine: Initializing Engine...
[2020.03.29-19.04.02:794][  0]LogHMD: Failed to initialize OpenVR with code 110
[2020.03.29-19.04.02:796][  0]LogStats: UGameplayTagsManager::InitializeManager -  0.000 s
[2020.03.29-19.04.03:768][  0]LogInit: Initializing FReadOnlyCVARCache
[2020.03.29-19.04.03:785][  0]LogAIModule: Creating AISystem for world Untitled
[2020.03.29-19.04.03:830][  0]LogAudioMixer: Display: Audio Mixer Platform Settings:
[2020.03.29-19.04.03:831][  0]LogAudioMixer: Display: 	Sample Rate:						  48000
[2020.03.29-19.04.03:831][  0]LogAudioMixer: Display: 	Callback Buffer Frame Size Requested: 1024
[2020.03.29-19.04.03:831][  0]LogAudioMixer: Display: 	Callback Buffer Frame Size To Use:	  1024
[2020.03.29-19.04.03:831][  0]LogAudioMixer: Display: 	Number of buffers to queue:			  2
[2020.03.29-19.04.03:831][  0]LogAudioMixer: Display: 	Max Channels (voices):				  32
[2020.03.29-19.04.03:831][  0]LogAudioMixer: Display: 	Number of Async Source Workers:		  0
[2020.03.29-19.04.03:831][  0]LogAudio: Display: AudioDevice MaxSources: 32
[2020.03.29-19.04.03:832][  0]LogAudio: Display: Using built-in audio occlusion.
[2020.03.29-19.04.03:832][  0]LogAudioMixer: Display: Initializing audio mixer.
[2020.03.29-19.04.03:858][  0]LogAudioMixer: Display: Audio Device Output Speaker Info:
[2020.03.29-19.04.03:858][  0]LogAudioMixer: Display: Name: Speakers (Conexant SmartAudio HD)
[2020.03.29-19.04.03:858][  0]LogAudioMixer: Display: Is Default: Yes
[2020.03.29-19.04.03:858][  0]LogAudioMixer: Display: Sample Rate: 48000
[2020.03.29-19.04.03:858][  0]LogAudioMixer: Display: Channel Count Used: 2
[2020.03.29-19.04.03:858][  0]LogAudioMixer: Display: Device Channel Count: 2
[2020.03.29-19.04.03:858][  0]LogAudioMixer: Display: Channel Order:
[2020.03.29-19.04.03:858][  0]LogAudioMixer: Display: 0: FrontLeft
[2020.03.29-19.04.03:858][  0]LogAudioMixer: Display: 1: FrontRight
[2020.03.29-19.04.03:917][  0]LogAudioMixer: Display: Using Audio Device Speakers (Conexant SmartAudio HD)
[2020.03.29-19.04.03:932][  0]LogInit: FAudioDevice initialized.
[2020.03.29-19.04.03:933][  0]LogNetVersion: Set ProjectVersion to 1.0.0.0. Version Checksum will be recalculated on next use.
[2020.03.29-19.04.04:018][  0]LogDerivedDataCache: Saved boot cache 0.08s 78MB C:/Users/FlakaShalaka/AppData/Local/UnrealEngine/4.24/DerivedDataCache/Boot.ddc.
[2020.03.29-19.04.04:018][  0]LogInit: Texture streaming: Enabled
[2020.03.29-19.04.04:035][  0]LogEngineSessionManager: EngineSessionManager initialized
[2020.03.29-19.04.04:036][  0]LogEditorSessionSummary: Verbose: Initializing EditorSessionSummaryWriter for editor session tracking
[2020.03.29-19.04.04:039][  0]LogEditorSessionSummary: EditorSessionSummaryWriter initialized
[2020.03.29-19.04.04:105][  0]LogInit: Transaction tracking system initialized
[2020.03.29-19.04.04:125][  0]BlueprintLog: New page: Editor Load
[2020.03.29-19.04.04:178][  0]LocalizationService: Localization service is disabled
[2020.03.29-19.04.04:246][  0]LogLinker: Warning: Failed to load '/Game/ThirdPersonBP/ThirdPersonOverview': Can't find file.
[2020.03.29-19.04.04:247][  0]LogLinker: Warning: Failed to load '/Game/ThirdPersonBP/ThirdPersonOverview': Can't find file.
[2020.03.29-19.04.04:247][  0]LogUObjectGlobals: Warning: Failed to find object 'Class /Game/ThirdPersonBP/ThirdPersonOverview.ThirdPersonOverview_C'
[2020.03.29-19.04.04:837][  0]LogFileCache: Scanning file cache for directory 'D:/GoogleDrive/UnrealFinal/Eden_Shenanidog/Content/' took 0.01s
[2020.03.29-19.04.04:837][  0]LogCook: Display: Max memory allowance for cook 16384mb min free memory 0mb
[2020.03.29-19.04.04:837][  0]LogCook: Display: Mobile HDR setting 1
[2020.03.29-19.04.06:087][  0]Cmd: MAP LOAD FILE="D:/GoogleDrive/UnrealFinal/Eden_Shenanidog/Content/Shenanidog/Maps/Playgrounds.umap" TEMPLATE=0 SHOWPROGRESS=1 FEATURELEVEL=3
[2020.03.29-19.04.06:088][  0]LightingResults: New page: Lighting Build
[2020.03.29-19.04.06:089][  0]LogWorld: UWorld::CleanupWorld for Untitled, bSessionEnded=true, bCleanupResources=true
[2020.03.29-19.04.06:089][  0]LogSlate: InvalidateAllWidgets triggered.  All widgets were invalidated
[2020.03.29-19.04.06:089][  0]MapCheck: New page: Map Check
[2020.03.29-19.04.06:089][  0]LightingResults: New page: Lighting Build
[2020.03.29-19.04.06:137][  0]LogUObjectHash: Compacting FUObjectHashTables data took   2.57ms
[2020.03.29-19.04.06:293][  0]LogAIModule: Creating AISystem for world Playgrounds
[2020.03.29-19.04.06:302][  0]LogEditorServer: Finished looking for orphan Actors (0.000 secs)
[2020.03.29-19.04.06:473][  0]LogUObjectHash: Compacting FUObjectHashTables data took   4.70ms
[2020.03.29-19.04.06:473][  0]Cmd: MAP CHECKDEP NOCLEARLOG
[2020.03.29-19.04.06:474][  0]MapCheck: Map check complete: 0 Error(s), 0 Warning(s), took 0.141ms to complete.
[2020.03.29-19.04.06:474][  0]LogFileHelpers: Loading map 'Playgrounds' took 0.386
[2020.03.29-19.04.06:679][  0]LogSlate: Updating window title bar state: overlay mode, drag disabled, window buttons hidden, title bar hidden
[2020.03.29-19.04.06:697][  0]LogSlate: Updating window title bar state: overlay mode, drag disabled, window buttons hidden, title bar hidden
[2020.03.29-19.04.06:714][  0]LogSlate: Updating window title bar state: overlay mode, drag disabled, window buttons hidden, title bar hidden
[2020.03.29-19.04.06:732][  0]LogSlate: Updating window title bar state: overlay mode, drag disabled, window buttons hidden, title bar hidden
[2020.03.29-19.04.06:739][  0]LogCollectionManager: Loaded 0 collections in 0.003400 seconds
[2020.03.29-19.04.06:768][  0]LogFileCache: Scanning file cache for directory 'D:/GoogleDrive/UnrealFinal/Eden_Shenanidog/Saved/Collections/' took 0.00s
[2020.03.29-19.04.06:768][  0]LogFileCache: Scanning file cache for directory 'D:/GoogleDrive/UnrealFinal/Eden_Shenanidog/Content/Developers/FlakaShalaka/Collections/' took 0.00s
[2020.03.29-19.04.06:768][  0]LogFileCache: Scanning file cache for directory 'D:/GoogleDrive/UnrealFinal/Eden_Shenanidog/Content/Collections/' took 0.00s
[2020.03.29-19.04.06:768][  0]LogContentBrowser: Native class hierarchy populated in 0.0232 seconds. Added 3015 classes and 717 folders.
[2020.03.29-19.04.06:773][  0]LogContentBrowser: Native class hierarchy updated for 'WidgetCarousel' in 0.0004 seconds. Added 0 classes and 0 folders.
[2020.03.29-19.04.06:865][  0]LogContentBrowser: Native class hierarchy updated for 'AddContentDialog' in 0.0004 seconds. Added 0 classes and 0 folders.
[2020.03.29-19.04.06:870][  0]LogContentBrowser: Native class hierarchy updated for 'SceneOutliner' in 0.0005 seconds. Added 2 classes and 3 folders.
[2020.03.29-19.04.06:884][  0]LogContentBrowser: Native class hierarchy updated for 'WorldBrowser' in 0.0005 seconds. Added 2 classes and 3 folders.
[2020.03.29-19.04.07:113][  0]LogSlate: Took 0.000224 seconds to synchronously load lazily loaded font '../../../Engine/Content/Slate/Fonts/Roboto-Regular.ttf' (155K)
[2020.03.29-19.04.07:117][  0]LogSlate: Took 0.000267 seconds to synchronously load lazily loaded font '../../../Engine/Content/Slate/Fonts/Roboto-Bold.ttf' (160K)
[2020.03.29-19.04.07:130][  0]LogSlate: Took 0.000212 seconds to synchronously load lazily loaded font '../../../Engine/Content/Editor/Slate/Fonts/FontAwesome.ttf' (139K)
[2020.03.29-19.04.07:335][  0]LogRenderer: Reallocating scene render targets to support 944x516 Format 10 NumSamples 1 (Frame:1).
[2020.03.29-19.04.08:124][  0]LogContentBrowser: Native class hierarchy updated for 'HierarchicalLODOutliner' in 0.0005 seconds. Added 0 classes and 0 folders.
[2020.03.29-19.04.08:124][  0]LogLoad: (Engine Initialization) Total time: 15.00 seconds
[2020.03.29-19.04.08:124][  0]LogLoad: (Engine Initialization) Total Blueprint compile time: 0.00 seconds
[2020.03.29-19.04.08:203][  0]LogContentStreaming: Texture pool size now 1000 MB
[2020.03.29-19.04.08:313][  1]LogAssetRegistry: Asset discovery search completed in 10.7868 seconds
[2020.03.29-19.04.08:323][  1]LogCollectionManager: Fixed up redirectors for 0 collections in 0.000011 seconds (updated 0 objects)
[2020.03.29-19.04.09:168][ 36]LogSlate: Took 0.000247 seconds to synchronously load lazily loaded font '../../../Engine/Content/Slate/Fonts/Roboto-Light.ttf' (167K)
[2020.03.29-19.04.12:580][166]LogSlate: Took 0.000175 seconds to synchronously load lazily loaded font '../../../Engine/Content/Slate/Fonts/Roboto-Light.ttf' (167K)
[2020.03.29-19.04.20:293][274]LogPlayLevel: PlayLevel: No blueprints needed recompiling
[2020.03.29-19.04.20:294][274]PIE: New page: PIE session: Playgrounds (30 Mar 2020, 1:04:20)
[2020.03.29-19.04.20:295][274]LogOnline: OSS: Creating online subsystem instance for: NULL
[2020.03.29-19.04.20:296][274]LogOnline: OSS: TryLoadSubsystemAndSetDefault: Loaded subsystem for module [NULL]
[2020.03.29-19.04.20:296][274]LogPlayLevel: Creating play world package: /Game/Shenanidog/Maps/UEDPIE_0_Playgrounds
[2020.03.29-19.04.20:300][274]LogPlayLevel: PIE: StaticDuplicateObject took: (0.003378s)
[2020.03.29-19.04.20:301][274]LogAIModule: Creating AISystem for world Playgrounds
[2020.03.29-19.04.20:302][274]LogPlayLevel: PIE: World Init took: (0.002113s)
[2020.03.29-19.04.20:302][274]LogPlayLevel: PIE: Created PIE world by copying editor world from /Game/Shenanidog/Maps/Playgrounds.Playgrounds to /Game/Shenanidog/Maps/UEDPIE_0_Playgrounds.Playgrounds (0.005779s)
[2020.03.29-19.04.20:333][274]LogUObjectHash: Compacting FUObjectHashTables data took   1.63ms
[2020.03.29-19.04.20:335][274]LogAudioMixer: Display: Audio Mixer Platform Settings:
[2020.03.29-19.04.20:335][274]LogAudioMixer: Display: 	Sample Rate:						  48000
[2020.03.29-19.04.20:335][274]LogAudioMixer: Display: 	Callback Buffer Frame Size Requested: 1024
[2020.03.29-19.04.20:335][274]LogAudioMixer: Display: 	Callback Buffer Frame Size To Use:	  1024
[2020.03.29-19.04.20:335][274]LogAudioMixer: Display: 	Number of buffers to queue:			  2
[2020.03.29-19.04.20:335][274]LogAudioMixer: Display: 	Max Channels (voices):				  32
[2020.03.29-19.04.20:335][274]LogAudioMixer: Display: 	Number of Async Source Workers:		  0
[2020.03.29-19.04.20:335][274]LogAudio: Display: AudioDevice MaxSources: 32
[2020.03.29-19.04.20:336][274]LogAudio: Display: Using built-in audio occlusion.
[2020.03.29-19.04.20:336][274]LogAudioMixer: Display: Initializing audio mixer.
[2020.03.29-19.04.20:343][274]LogAudioMixer: Display: Audio Device Output Speaker Info:
[2020.03.29-19.04.20:343][274]LogAudioMixer: Display: Name: Speakers (Conexant SmartAudio HD)
[2020.03.29-19.04.20:343][274]LogAudioMixer: Display: Is Default: Yes
[2020.03.29-19.04.20:343][274]LogAudioMixer: Display: Sample Rate: 48000
[2020.03.29-19.04.20:344][274]LogAudioMixer: Display: Channel Count Used: 2
[2020.03.29-19.04.20:344][274]LogAudioMixer: Display: Device Channel Count: 2
[2020.03.29-19.04.20:344][274]LogAudioMixer: Display: Channel Order:
[2020.03.29-19.04.20:344][274]LogAudioMixer: Display: 0: FrontLeft
[2020.03.29-19.04.20:344][274]LogAudioMixer: Display: 1: FrontRight
[2020.03.29-19.04.20:365][274]LogAudioMixer: Display: Using Audio Device Speakers (Conexant SmartAudio HD)
[2020.03.29-19.04.20:367][274]LogInit: FAudioDevice initialized.
[2020.03.29-19.04.20:527][274]LogLoad: Game class is 'BP_GameMode_C'
[2020.03.29-19.04.20:529][274]LogWorld: Bringing World /Game/Shenanidog/Maps/UEDPIE_0_Playgrounds.Playgrounds up for play (max tick rate 60) at 2020.03.29-22.04.20
[2020.03.29-19.04.20:530][274]LogWorld: Bringing up level for play took: 0.000975
[2020.03.29-19.04.20:530][274]LogOnline: OSS: Creating online subsystem instance for: :Context_1
[2020.03.29-19.04.20:534][274]LogContentBrowser: Native class hierarchy updated for 'MovieSceneCapture' in 0.0005 seconds. Added 20 classes and 0 folders.
[2020.03.29-19.04.20:537][274]PIE: Play in editor start time for /Game/Shenanidog/Maps/UEDPIE_0_Playgrounds -0.318
[2020.03.29-19.04.31:638][920]LogAudioMixer: Display: No commands were queued while flushing the source manager.
[2020.03.29-19.04.31:638][920]LogAudioMixer: Display: No commands were queued while flushing the source manager.
[2020.03.29-19.04.31:638][920]LogSlate: Updating window title bar state: overlay mode, drag disabled, window buttons hidden, title bar hidden
[2020.03.29-19.04.31:638][920]LogWorld: BeginTearingDown for /Game/Shenanidog/Maps/UEDPIE_0_Playgrounds
[2020.03.29-19.04.31:638][920]LogAudioMixer: Display: No commands were queued while flushing the source manager.
[2020.03.29-19.04.31:639][920]LogWorld: UWorld::CleanupWorld for Playgrounds, bSessionEnded=true, bCleanupResources=true
[2020.03.29-19.04.31:639][920]LogSlate: InvalidateAllWidgets triggered.  All widgets were invalidated
[2020.03.29-19.04.31:661][920]LogPlayLevel: Display: Shutting down PIE online subsystems
[2020.03.29-19.04.31:666][920]LogSlate: InvalidateAllWidgets triggered.  All widgets were invalidated
[2020.03.29-19.04.31:698][920]LogAudioMixer: Display: No commands were queued while flushing the source manager.
[2020.03.29-19.04.31:701][920]LogSlate: Updating window title bar state: overlay mode, drag disabled, window buttons hidden, title bar hidden
[2020.03.29-19.04.31:706][920]LogUObjectHash: Compacting FUObjectHashTables data took   2.67ms
[2020.03.29-19.04.31:772][922]LogPlayLevel: Display: Destroying online subsystem :Context_1
[2020.03.29-19.08.44:819][938]LogPlayLevel: PlayLevel: No blueprints needed recompiling
[2020.03.29-19.08.44:819][938]PIE: New page: PIE session: Playgrounds (30 Mar 2020, 1:08:44)
[2020.03.29-19.08.44:823][938]LogPlayLevel: Creating play world package: /Game/Shenanidog/Maps/UEDPIE_0_Playgrounds
[2020.03.29-19.08.44:835][938]LogPlayLevel: PIE: StaticDuplicateObject took: (0.011556s)
[2020.03.29-19.08.44:837][938]LogAIModule: Creating AISystem for world Playgrounds
[2020.03.29-19.08.44:837][938]LogPlayLevel: PIE: World Init took: (0.001620s)
[2020.03.29-19.08.44:837][938]LogPlayLevel: PIE: Created PIE world by copying editor world from /Game/Shenanidog/Maps/Playgrounds.Playgrounds to /Game/Shenanidog/Maps/UEDPIE_0_Playgrounds.Playgrounds (0.013911s)
[2020.03.29-19.08.44:871][938]LogUObjectHash: Compacting FUObjectHashTables data took   1.52ms
[2020.03.29-19.08.44:873][938]LogAudioMixer: Display: Audio Mixer Platform Settings:
[2020.03.29-19.08.44:873][938]LogAudioMixer: Display: 	Sample Rate:						  48000
[2020.03.29-19.08.44:873][938]LogAudioMixer: Display: 	Callback Buffer Frame Size Requested: 1024
[2020.03.29-19.08.44:873][938]LogAudioMixer: Display: 	Callback Buffer Frame Size To Use:	  1024
[2020.03.29-19.08.44:873][938]LogAudioMixer: Display: 	Number of buffers to queue:			  2
[2020.03.29-19.08.44:873][938]LogAudioMixer: Display: 	Max Channels (voices):				  32
[2020.03.29-19.08.44:873][938]LogAudioMixer: Display: 	Number of Async Source Workers:		  0
[2020.03.29-19.08.44:873][938]LogAudio: Display: AudioDevice MaxSources: 32
[2020.03.29-19.08.44:873][938]LogAudio: Display: Using built-in audio occlusion.
[2020.03.29-19.08.44:873][938]LogAudioMixer: Display: Initializing audio mixer.
[2020.03.29-19.08.44:884][938]LogAudioMixer: Display: Audio Device Output Speaker Info:
[2020.03.29-19.08.44:884][938]LogAudioMixer: Display: Name: Speakers (Conexant SmartAudio HD)
[2020.03.29-19.08.44:884][938]LogAudioMixer: Display: Is Default: Yes
[2020.03.29-19.08.44:884][938]LogAudioMixer: Display: Sample Rate: 48000
[2020.03.29-19.08.44:884][938]LogAudioMixer: Display: Channel Count Used: 2
[2020.03.29-19.08.44:884][938]LogAudioMixer: Display: Device Channel Count: 2
[2020.03.29-19.08.44:884][938]LogAudioMixer: Display: Channel Order:
[2020.03.29-19.08.44:884][938]LogAudioMixer: Display: 0: FrontLeft
[2020.03.29-19.08.44:884][938]LogAudioMixer: Display: 1: FrontRight
[2020.03.29-19.08.44:901][938]LogAudioMixer: Display: Using Audio Device Speakers (Conexant SmartAudio HD)
[2020.03.29-19.08.44:904][938]LogInit: FAudioDevice initialized.
[2020.03.29-19.08.44:963][938]LogSlate: Updating window title bar state: overlay mode, drag disabled, window buttons hidden, title bar hidden
[2020.03.29-19.08.44:963][938]LogLoad: Game class is 'BP_GameMode_C'
[2020.03.29-19.08.44:965][938]LogWorld: Bringing World /Game/Shenanidog/Maps/UEDPIE_0_Playgrounds.Playgrounds up for play (max tick rate 60) at 2020.03.29-22.08.44
[2020.03.29-19.08.44:965][938]LogWorld: Bringing up level for play took: 0.001066
[2020.03.29-19.08.44:965][938]LogOnline: OSS: Creating online subsystem instance for: :Context_3
[2020.03.29-19.08.44:981][938]PIE: Play in editor start time for /Game/Shenanidog/Maps/UEDPIE_0_Playgrounds 0.126
[2020.03.29-19.08.45:113][939]LogRenderer: Reallocating scene render targets to support 1280x720 Format 10 NumSamples 1 (Frame:1).
[2020.03.29-19.08.46:338][965]LogRenderer: Reallocating scene render targets to support 1680x996 Format 10 NumSamples 1 (Frame:28).
[2020.03.29-19.09.27:494][ 79]LogAudioMixer: Display: No commands were queued while flushing the source manager.
[2020.03.29-19.09.27:494][ 79]LogAudioMixer: Display: No commands were queued while flushing the source manager.
[2020.03.29-19.09.27:495][ 79]LogSlate: Updating window title bar state: overlay mode, drag disabled, window buttons hidden, title bar hidden
[2020.03.29-19.09.27:495][ 79]LogWorld: BeginTearingDown for /Game/Shenanidog/Maps/UEDPIE_0_Playgrounds
[2020.03.29-19.09.27:520][ 79]LogSlate: Window 'Shenanidogs_ORE Game Preview Standalone (64-bit/PCD3D_SM5)' being destroyed
[2020.03.29-19.09.27:533][ 79]LogAudioMixer: Display: No commands were queued while flushing the source manager.
[2020.03.29-19.09.27:534][ 79]LogWorld: UWorld::CleanupWorld for Playgrounds, bSessionEnded=true, bCleanupResources=true
[2020.03.29-19.09.27:538][ 79]LogSlate: InvalidateAllWidgets triggered.  All widgets were invalidated
[2020.03.29-19.09.27:567][ 79]LogPlayLevel: Display: Shutting down PIE online subsystems
[2020.03.29-19.09.27:592][ 79]LogSlate: InvalidateAllWidgets triggered.  All widgets were invalidated
[2020.03.29-19.09.27:649][ 79]LogAudioMixer: Display: No commands were queued while flushing the source manager.
[2020.03.29-19.09.27:675][ 79]LogUObjectHash: Compacting FUObjectHashTables data took   9.39ms
[2020.03.29-19.09.27:827][ 80]LogPlayLevel: Display: Destroying online subsystem :Context_3
[2020.03.29-19.09.35:189][105]LogAssetEditorSubsystem: Opening Asset editor for AnimBlueprint /Game/Shenanidog/BluePrints/Character/Animations/BluePrints/BP_Animation_Dog.BP_Animation_Dog
[2020.03.29-19.09.35:200][105]LogContentBrowser: Native class hierarchy updated for 'SkeletonEditor' in 0.0007 seconds. Added 1 classes and 2 folders.
[2020.03.29-19.09.35:507][105]LogActorComponent: RegisterComponentWithWorld: (/Engine/Transient.World_2:PersistentLevel.AnimationEditorPreviewActor_0.DebugSkelMeshComponent_0) Already registered. Aborting.
[2020.03.29-19.09.35:509][105]LogContentBrowser: Native class hierarchy updated for 'PinnedCommandList' in 0.0005 seconds. Added 1 classes and 0 folders.
[2020.03.29-19.09.35:757][105]LogContentBrowser: Native class hierarchy updated for 'BlueprintGraph' in 0.0006 seconds. Added 121 classes and 0 folders.
[2020.03.29-19.09.37:106][105]LogSkeletalMesh: USkeletalMeshComponent::InitArticulated : Bodies already created (/Engine/Transient.World_2:PersistentLevel.AnimationEditorPreviewActor_0.DebugSkelMeshComponent_0) - call TermArticulated first.
[2020.03.29-19.09.37:566][105]LogSlate: Took 0.000167 seconds to synchronously load lazily loaded font '../../../Engine/Content/Slate/Fonts/Roboto-BoldCondensed.ttf' (158K)
[2020.03.29-19.09.37:799][105]LogContentBrowser: Verbose: The majority of assets in the view are of type: AnimSequence
[2020.03.29-19.09.37:851][106]LogSlate: Took 0.000161 seconds to synchronously load lazily loaded font '../../../Engine/Content/Slate/Fonts/Roboto-Italic.ttf' (157K)
[2020.03.29-19.09.46:940][435]LogAssetEditorSubsystem: Opening Asset editor for Blueprint /Game/Shenanidog/BluePrints/Character/DogController.DogController
[2020.03.29-19.11.53:543][892]LogSelectionDetails: Warning: NavigateToFunctionSource:  Unable to find symbols for 'ACharacter::Crouch' [Element not found.]
[2020.03.29-19.11.57:148][ 45]BlueprintLog: New page: Compile DogController
[2020.03.29-19.11.57:760][ 45]LogUObjectHash: Compacting FUObjectHashTables data took   7.20ms
[2020.03.29-19.13.40:377][131]BlueprintLog: New page: Compile DogController
[2020.03.29-19.13.40:915][131]LogUObjectHash: Compacting FUObjectHashTables data took   9.65ms
[2020.03.29-19.13.40:955][131]BlueprintLog: New page: Compile DogController
[2020.03.29-19.13.41:535][131]LogUObjectHash: Compacting FUObjectHashTables data took   4.68ms
[2020.03.29-19.13.42:606][153]LogSavePackage: Moving 'D:/GoogleDrive/UnrealFinal/Eden_Shenanidog/Saved/DogControllerC74646C1482D649799178C8AB0513F1A.tmp' to 'D:/GoogleDrive/UnrealFinal/Eden_Shenanidog/Content/Shenanidog/BluePrints/Character/DogController.uasset'
[2020.03.29-19.13.42:633][153]AssetCheck: New page: Asset Save: DogController
[2020.03.29-19.13.42:633][153]LogContentValidation: Display: Validating Blueprint /Game/Shenanidog/BluePrints/Character/DogController.DogController
[2020.03.29-19.13.45:060][256]LogTemp: Repeating last play command: New Editor Window (PIE)
[2020.03.29-19.13.45:089][256]LogPlayLevel: PlayLevel: No blueprints needed recompiling
[2020.03.29-19.13.45:089][256]PIE: New page: PIE session: Playgrounds (30 Mar 2020, 1:13:45)
[2020.03.29-19.13.45:090][256]LogPlayLevel: Creating play world package: /Game/Shenanidog/Maps/UEDPIE_0_Playgrounds
[2020.03.29-19.13.45:099][256]LogPlayLevel: PIE: StaticDuplicateObject took: (0.009080s)
[2020.03.29-19.13.45:103][256]LogAIModule: Creating AISystem for world Playgrounds
[2020.03.29-19.13.45:103][256]LogPlayLevel: PIE: World Init took: (0.003788s)
[2020.03.29-19.13.45:103][256]LogPlayLevel: PIE: Created PIE world by copying editor world from /Game/Shenanidog/Maps/Playgrounds.Playgrounds to /Game/Shenanidog/Maps/UEDPIE_0_Playgrounds.Playgrounds (0.013366s)
[2020.03.29-19.13.45:167][256]LogUObjectHash: Compacting FUObjectHashTables data took   4.39ms
[2020.03.29-19.13.45:168][256]LogAudioMixer: Display: Audio Mixer Platform Settings:
[2020.03.29-19.13.45:168][256]LogAudioMixer: Display: 	Sample Rate:						  48000
[2020.03.29-19.13.45:168][256]LogAudioMixer: Display: 	Callback Buffer Frame Size Requested: 1024
[2020.03.29-19.13.45:168][256]LogAudioMixer: Display: 	Callback Buffer Frame Size To Use:	  1024
[2020.03.29-19.13.45:168][256]LogAudioMixer: Display: 	Number of buffers to queue:			  2
[2020.03.29-19.13.45:168][256]LogAudioMixer: Display: 	Max Channels (voices):				  32
[2020.03.29-19.13.45:168][256]LogAudioMixer: Display: 	Number of Async Source Workers:		  0
[2020.03.29-19.13.45:168][256]LogAudio: Display: AudioDevice MaxSources: 32
[2020.03.29-19.13.45:169][256]LogAudio: Display: Using built-in audio occlusion.
[2020.03.29-19.13.45:169][256]LogAudioMixer: Display: Initializing audio mixer.
[2020.03.29-19.13.45:182][256]LogAudioMixer: Display: Audio Device Output Speaker Info:
[2020.03.29-19.13.45:182][256]LogAudioMixer: Display: Name: Speakers (Conexant SmartAudio HD)
[2020.03.29-19.13.45:182][256]LogAudioMixer: Display: Is Default: Yes
[2020.03.29-19.13.45:182][256]LogAudioMixer: Display: Sample Rate: 48000
[2020.03.29-19.13.45:182][256]LogAudioMixer: Display: Channel Count Used: 2
[2020.03.29-19.13.45:182][256]LogAudioMixer: Display: Device Channel Count: 2
[2020.03.29-19.13.45:182][256]LogAudioMixer: Display: Channel Order:
[2020.03.29-19.13.45:182][256]LogAudioMixer: Display: 0: FrontLeft
[2020.03.29-19.13.45:182][256]LogAudioMixer: Display: 1: FrontRight
[2020.03.29-19.13.45:209][256]LogAudioMixer: Display: Using Audio Device Speakers (Conexant SmartAudio HD)
[2020.03.29-19.13.45:215][256]LogInit: FAudioDevice initialized.
[2020.03.29-19.13.45:267][256]LogSlate: Updating window title bar state: overlay mode, drag disabled, window buttons hidden, title bar hidden
[2020.03.29-19.13.45:267][256]LogLoad: Game class is 'BP_GameMode_C'
[2020.03.29-19.13.45:269][256]LogWorld: Bringing World /Game/Shenanidog/Maps/UEDPIE_0_Playgrounds.Playgrounds up for play (max tick rate 60) at 2020.03.29-22.13.45
[2020.03.29-19.13.45:270][256]LogWorld: Bringing up level for play took: 0.001091
[2020.03.29-19.13.45:270][256]LogOnline: OSS: Creating online subsystem instance for: :Context_11
[2020.03.29-19.13.45:287][256]PIE: Play in editor start time for /Game/Shenanidog/Maps/UEDPIE_0_Playgrounds 0.432
[2020.03.29-19.13.52:611][509]LogAudioMixer: Display: No commands were queued while flushing the source manager.
[2020.03.29-19.13.52:611][509]LogAudioMixer: Display: No commands were queued while flushing the source manager.
[2020.03.29-19.13.52:612][509]LogSlate: Updating window title bar state: overlay mode, drag disabled, window buttons hidden, title bar hidden
[2020.03.29-19.13.52:612][509]LogWorld: BeginTearingDown for /Game/Shenanidog/Maps/UEDPIE_0_Playgrounds
[2020.03.29-19.13.52:629][509]LogSlate: Window 'Shenanidogs_ORE Game Preview Standalone (64-bit/PCD3D_SM5)' being destroyed
[2020.03.29-19.13.52:641][509]LogAudioMixer: Display: No commands were queued while flushing the source manager.
[2020.03.29-19.13.52:641][509]LogWorld: UWorld::CleanupWorld for Playgrounds, bSessionEnded=true, bCleanupResources=true
[2020.03.29-19.13.52:641][509]LogSlate: InvalidateAllWidgets triggered.  All widgets were invalidated
[2020.03.29-19.13.52:654][509]LogPlayLevel: Display: Shutting down PIE online subsystems
[2020.03.29-19.13.52:676][509]LogSlate: InvalidateAllWidgets triggered.  All widgets were invalidated
[2020.03.29-19.13.52:757][509]LogAudioMixer: Display: No commands were queued while flushing the source manager.
[2020.03.29-19.13.52:768][509]LogUObjectHash: Compacting FUObjectHashTables data took   5.98ms
[2020.03.29-19.13.52:796][510]LogPlayLevel: Display: Destroying online subsystem :Context_11
[2020.03.29-19.13.57:824][636]LogTemp: Repeating last play command: New Editor Window (PIE)
[2020.03.29-19.13.57:844][636]LogPlayLevel: PlayLevel: No blueprints needed recompiling
[2020.03.29-19.13.57:844][636]PIE: New page: PIE session: Playgrounds (30 Mar 2020, 1:13:57)
[2020.03.29-19.13.57:845][636]LogPlayLevel: Creating play world package: /Game/Shenanidog/Maps/UEDPIE_0_Playgrounds
[2020.03.29-19.13.57:854][636]LogPlayLevel: PIE: StaticDuplicateObject took: (0.008492s)
[2020.03.29-19.13.57:858][636]LogAIModule: Creating AISystem for world Playgrounds
[2020.03.29-19.13.57:859][636]LogPlayLevel: PIE: World Init took: (0.005114s)
[2020.03.29-19.13.57:860][636]LogPlayLevel: PIE: Created PIE world by copying editor world from /Game/Shenanidog/Maps/Playgrounds.Playgrounds to /Game/Shenanidog/Maps/UEDPIE_0_Playgrounds.Playgrounds (0.014591s)
[2020.03.29-19.13.57:920][636]LogUObjectHash: Compacting FUObjectHashTables data took   6.04ms
[2020.03.29-19.13.57:921][636]LogAudioMixer: Display: Audio Mixer Platform Settings:
[2020.03.29-19.13.57:921][636]LogAudioMixer: Display: 	Sample Rate:						  48000
[2020.03.29-19.13.57:921][636]LogAudioMixer: Display: 	Callback Buffer Frame Size Requested: 1024
[2020.03.29-19.13.57:921][636]LogAudioMixer: Display: 	Callback Buffer Frame Size To Use:	  1024
[2020.03.29-19.13.57:921][636]LogAudioMixer: Display: 	Number of buffers to queue:			  2
[2020.03.29-19.13.57:921][636]LogAudioMixer: Display: 	Max Channels (voices):				  32
[2020.03.29-19.13.57:921][636]LogAudioMixer: Display: 	Number of Async Source Workers:		  0
[2020.03.29-19.13.57:921][636]LogAudio: Display: AudioDevice MaxSources: 32
[2020.03.29-19.13.57:921][636]LogAudio: Display: Using built-in audio occlusion.
[2020.03.29-19.13.57:921][636]LogAudioMixer: Display: Initializing audio mixer.
[2020.03.29-19.13.57:932][636]LogAudioMixer: Display: Audio Device Output Speaker Info:
[2020.03.29-19.13.57:932][636]LogAudioMixer: Display: Name: Speakers (Conexant SmartAudio HD)
[2020.03.29-19.13.57:932][636]LogAudioMixer: Display: Is Default: Yes
[2020.03.29-19.13.57:932][636]LogAudioMixer: Display: Sample Rate: 48000
[2020.03.29-19.13.57:932][636]LogAudioMixer: Display: Channel Count Used: 2
[2020.03.29-19.13.57:932][636]LogAudioMixer: Display: Device Channel Count: 2
[2020.03.29-19.13.57:932][636]LogAudioMixer: Display: Channel Order:
[2020.03.29-19.13.57:932][636]LogAudioMixer: Display: 0: FrontLeft
[2020.03.29-19.13.57:932][636]LogAudioMixer: Display: 1: FrontRight
[2020.03.29-19.13.57:958][636]LogAudioMixer: Display: Using Audio Device Speakers (Conexant SmartAudio HD)
[2020.03.29-19.13.57:961][636]LogInit: FAudioDevice initialized.
[2020.03.29-19.13.58:026][636]LogSlate: Updating window title bar state: overlay mode, drag disabled, window buttons hidden, title bar hidden
[2020.03.29-19.13.58:026][636]LogLoad: Game class is 'BP_GameMode_C'
[2020.03.29-19.13.58:032][636]LogWorld: Bringing World /Game/Shenanidog/Maps/UEDPIE_0_Playgrounds.Playgrounds up for play (max tick rate 60) at 2020.03.29-22.13.58
[2020.03.29-19.13.58:033][636]LogWorld: Bringing up level for play took: 0.001709
[2020.03.29-19.13.58:033][636]LogOnline: OSS: Creating online subsystem instance for: :Context_12
[2020.03.29-19.13.58:039][636]PIE: Play in editor start time for /Game/Shenanidog/Maps/UEDPIE_0_Playgrounds 1.183
[2020.03.29-19.14.33:974][514]LogAudioMixer: Display: No commands were queued while flushing the source manager.
[2020.03.29-19.14.33:974][514]LogAudioMixer: Display: No commands were queued while flushing the source manager.
[2020.03.29-19.14.33:976][514]LogSlate: Updating window title bar state: overlay mode, drag disabled, window buttons hidden, title bar hidden
[2020.03.29-19.14.33:977][514]LogWorld: BeginTearingDown for /Game/Shenanidog/Maps/UEDPIE_0_Playgrounds
[2020.03.29-19.14.34:036][514]LogSlate: Window 'Shenanidogs_ORE Game Preview Standalone (64-bit/PCD3D_SM5)' being destroyed
[2020.03.29-19.14.34:054][514]LogAudioMixer: Display: No commands were queued while flushing the source manager.
[2020.03.29-19.14.34:055][514]LogWorld: UWorld::CleanupWorld for Playgrounds, bSessionEnded=true, bCleanupResources=true
[2020.03.29-19.14.34:056][514]LogSlate: InvalidateAllWidgets triggered.  All widgets were invalidated
[2020.03.29-19.14.34:074][514]LogPlayLevel: Display: Shutting down PIE online subsystems
[2020.03.29-19.14.34:109][514]LogSlate: InvalidateAllWidgets triggered.  All widgets were invalidated
[2020.03.29-19.14.34:280][514]LogAudioMixer: Display: No commands were queued while flushing the source manager.
[2020.03.29-19.14.34:326][514]LogUObjectHash: Compacting FUObjectHashTables data took  13.58ms
[2020.03.29-19.14.34:397][515]LogPlayLevel: Display: Destroying online subsystem :Context_12
[2020.03.29-19.15.27:185][832]SourceControl: fatal: C:/Program Files/Epic Games/UE_4.24/Engine/Content: 'C:/Program Files/Epic Games/UE_4.24/Engine/Content' is outside repository at 'D:/GoogleDrive/UnrealFinal/Eden_Shenanidog'
[2020.03.29-19.15.35:290][832]LogSlate: Window 'Submit Files' being destroyed
[2020.03.29-19.15.38:305][832]LogSourceControl: commit successful: [Character bc651ed] FinalController
[2020.03.29-19.15.38:525][832]SourceControl: [Character bc651ed] FinalController
[2020.03.29-19.15.38:525][832]SourceControl:  4 files changed, 8 insertions(+), 8 deletions(-)
[2020.03.29-19.15.38:538][832]SourceControl: Commited [Character bc651ed] FinalController.
